This file contains any messages produced by compilers while
running configure, to aid debugging if configure makes a mistake.

It was created by Lustre configure 2.12.58_104_g279c264_dirty, which was
generated by GNU Autoconf 2.69.  Invocation command line was

  $ ./configure 

## --------- ##
## Platform. ##
## --------- ##

hostname = crb002s-MacBook-Pro.local
uname -m = x86_64
uname -r = 18.7.0
uname -s = Darwin
uname -v = Darwin Kernel Version 18.7.0: Tue Aug 20 16:57:14 PDT 2019; root:xnu-4903.271.2~2/RELEASE_X86_64

/usr/bin/uname -p = i386
/bin/uname -X     = unknown

/bin/arch              = unknown
/usr/bin/arch -k       = unknown
/usr/convex/getsysinfo = unknown
/usr/bin/hostinfo      = Mach kernel version:
	 Darwin Kernel Version 18.7.0: Tue Aug 20 16:57:14 PDT 2019; root:xnu-4903.271.2~2/RELEASE_X86_64
Kernel configured for up to 4 processors.
2 processors are physically available.
4 processors are logically available.
Processor type: x86_64h (Intel x86-64h Haswell)
Processors active: 0 1 2 3
Primary memory available: 8.00 gigabytes
Default processor set: 445 tasks, 1914 threads, 4 processors
Load average: 2.24, Mach factor: 1.75
/bin/machine           = unknown
/usr/bin/oslevel       = unknown
/bin/universe          = unknown

PATH: /Users/crb002/.cargo/bin
PATH: /Users/crb002/.rbenv/shims
PATH: /Users/crb002/.rbenv/shims
PATH: /Users/crb002/.node/bin
PATH: /Users/crb002/.npm-packages/bin
PATH: /Users/crb002/Downloads/google-cloud-sdk/bin
PATH: /usr/local/bin
PATH: /usr/local/bin
PATH: /usr/local/sbin
PATH: /Users/crb002/.cargo/bin
PATH: /usr/local/bin
PATH: /usr/bin
PATH: /bin
PATH: /usr/sbin
PATH: /sbin
PATH: /Library/TeX/texbin
PATH: /usr/local/share/dotnet
PATH: /opt/X11/bin
PATH: ~/.dotnet/tools
PATH: /Library/Frameworks/Mono.framework/Versions/Current/Commands
PATH: /Applications/Postgres.app/Contents/Versions/latest/bin
PATH: /Users/crb002/.rvm/bin
PATH: /Users/crb002/Library/Haskell/bin
PATH: /Users/crb002/packer
PATH: /usr/local/Cellar/llvm/6.0.0/bin
PATH: /Applications/Firefox.app/Contents/MacOS
PATH: /Applications/Google Chrome.app/Contents/MacOS
PATH: /Applications/Arduino.app/Contents/Resources/Java/hardware/tools/avr/bin
PATH: /Users/crb002/.cabal/bin
PATH: /usr/local/sbin
PATH: /usr/local/sbin
PATH: /Users/crb002/.local/bin


## ----------- ##
## Core tests. ##
## ----------- ##

configure:2813: checking build system type
configure:2827: result: x86_64-apple-darwin18.7.0
configure:2847: checking host system type
configure:2860: result: x86_64-apple-darwin18.7.0
configure:2880: checking target system type
configure:2893: result: x86_64-apple-darwin18.7.0
configure:2937: checking for a BSD-compatible install
configure:3005: result: /usr/local/bin/ginstall -c
configure:3016: checking whether build environment is sane
configure:3071: result: yes
configure:3222: checking for a thread-safe mkdir -p
configure:3261: result: /usr/local/bin/gmkdir -p
configure:3268: checking for gawk
configure:3298: result: no
configure:3268: checking for mawk
configure:3298: result: no
configure:3268: checking for nawk
configure:3298: result: no
configure:3268: checking for awk
configure:3284: found /usr/bin/awk
configure:3295: result: awk
configure:3306: checking whether make sets $(MAKE)
configure:3328: result: yes
configure:3357: checking whether make supports nested variables
configure:3374: result: yes
configure:3463: checking whether UID '501' is supported by ustar format
configure:3466: result: yes
configure:3473: checking whether GID '20' is supported by ustar format
configure:3476: result: yes
configure:3484: checking how to create a ustar tar archive
configure:3495: tar --version
bsdtar 2.8.3 - libarchive 2.8.3
configure:3498: $? = 0
configure:3538: tardir=conftest.dir && eval tar --format=ustar -chf - "$tardir" >conftest.tar
configure:3541: $? = 0
configure:3545: tar -xf - <conftest.tar
configure:3548: $? = 0
configure:3550: cat conftest.dir/file
GrepMe
configure:3553: $? = 0
configure:3566: result: gnutar
configure:3617: checking whether to enable maintainer-specific portions of Makefiles
configure:3626: result: yes
configure:3688: checking for gcc
configure:3704: found /usr/bin/gcc
configure:3715: result: gcc
configure:3944: checking for C compiler version
configure:3953: gcc --version >&5
Apple LLVM version 10.0.1 (clang-1001.0.46.4)
Target: x86_64-apple-darwin18.7.0
Thread model: posix
InstalledDir: /Applications/Xcode.app/Contents/Developer/Toolchains/XcodeDefault.xctoolchain/usr/bin
Configured with: --prefix=/Applications/Xcode.app/Contents/Developer/usr --with-gxx-include-dir=/Applications/Xcode.app/Contents/Developer/Platforms/MacOSX.platform/Developer/SDKs/MacOSX10.14.sdk/usr/include/c++/4.2.1
configure:3964: $? = 0
configure:3953: gcc -v >&5
Configured with: --prefix=/Applications/Xcode.app/Contents/Developer/usr --with-gxx-include-dir=/Applications/Xcode.app/Contents/Developer/Platforms/MacOSX.platform/Developer/SDKs/MacOSX10.14.sdk/usr/include/c++/4.2.1
Apple LLVM version 10.0.1 (clang-1001.0.46.4)
Target: x86_64-apple-darwin18.7.0
Thread model: posix
InstalledDir: /Applications/Xcode.app/Contents/Developer/Toolchains/XcodeDefault.xctoolchain/usr/bin
configure:3964: $? = 0
configure:3953: gcc -V >&5
clang: error: unsupported option '-V -Wno-atomic-implicit-seq-cst'
clang: error: no input files
configure:3964: $? = 1
configure:3953: gcc -qversion >&5
clang: error: unknown argument '-qversion', did you mean '--version'?
clang: error: no input files
configure:3964: $? = 1
configure:3984: checking whether the C compiler works
configure:4006: gcc    conftest.c  >&5
configure:4010: $? = 0
configure:4058: result: yes
configure:4061: checking for C compiler default output file name
configure:4063: result: a.out
configure:4069: checking for suffix of executables
configure:4076: gcc -o conftest    conftest.c  >&5
configure:4080: $? = 0
configure:4102: result: 
configure:4124: checking whether we are cross compiling
configure:4132: gcc -o conftest    conftest.c  >&5
configure:4136: $? = 0
configure:4143: ./conftest
configure:4147: $? = 0
configure:4162: result: no
configure:4167: checking for suffix of object files
configure:4189: gcc -c   conftest.c >&5
configure:4193: $? = 0
configure:4214: result: o
configure:4218: checking whether we are using the GNU C compiler
configure:4237: gcc -c   conftest.c >&5
configure:4237: $? = 0
configure:4246: result: yes
configure:4255: checking whether gcc accepts -g
configure:4275: gcc -c -g  conftest.c >&5
configure:4275: $? = 0
configure:4316: result: yes
configure:4333: checking for gcc option to accept ISO C89
configure:4396: gcc  -c -g -O2  conftest.c >&5
configure:4396: $? = 0
configure:4409: result: none needed
configure:4434: checking whether gcc understands -c and -o together
configure:4456: gcc -c conftest.c -o conftest2.o
configure:4459: $? = 0
configure:4456: gcc -c conftest.c -o conftest2.o
configure:4459: $? = 0
configure:4471: result: yes
configure:4499: checking for style of include used by make
configure:4527: result: GNU
configure:4553: checking dependency style of gcc
configure:4664: result: gcc3
configure:4725: checking how to print strings
configure:4752: result: printf
configure:4773: checking for a sed that does not truncate output
configure:4837: result: /usr/bin/sed
configure:4855: checking for grep that handles long lines and -e
configure:4913: result: /usr/bin/grep
configure:4918: checking for egrep
configure:4980: result: /usr/bin/grep -E
configure:4985: checking for fgrep
configure:5047: result: /usr/bin/grep -F
configure:5082: checking for ld used by gcc
configure:5149: result: /Applications/Xcode.app/Contents/Developer/Toolchains/XcodeDefault.xctoolchain/usr/bin/ld
configure:5156: checking if the linker (/Applications/Xcode.app/Contents/Developer/Toolchains/XcodeDefault.xctoolchain/usr/bin/ld) is GNU ld
configure:5171: result: no
configure:5183: checking for BSD- or MS-compatible name lister (nm)
configure:5237: result: /usr/bin/nm -B
configure:5367: checking the name lister (/usr/bin/nm -B) interface
configure:5374: gcc -c -g -O2  conftest.c >&5
configure:5377: /usr/bin/nm -B "conftest.o"
configure:5380: output
00000000000001d4 S _some_variable
configure:5387: result: BSD nm
configure:5390: checking whether ln -s works
configure:5394: result: yes
configure:5402: checking the maximum length of command line arguments
configure:5533: result: 196608
configure:5581: checking how to convert x86_64-apple-darwin18.7.0 file names to x86_64-apple-darwin18.7.0 format
configure:5621: result: func_convert_file_noop
configure:5628: checking how to convert x86_64-apple-darwin18.7.0 file names to toolchain format
configure:5648: result: func_convert_file_noop
configure:5655: checking for /Applications/Xcode.app/Contents/Developer/Toolchains/XcodeDefault.xctoolchain/usr/bin/ld option to reload object files
configure:5662: result: -r
configure:5736: checking for objdump
configure:5752: found /usr/bin/objdump
configure:5763: result: objdump
configure:5795: checking how to recognize dependent libraries
configure:5995: result: pass_all
configure:6080: checking for dlltool
configure:6110: result: no
configure:6140: checking how to associate runtime and link libraries
configure:6167: result: printf %s\n
configure:6228: checking for ar
configure:6244: found /usr/bin/ar
configure:6255: result: ar
configure:6292: checking for archiver @FILE support
configure:6309: gcc -c -g -O2  conftest.c >&5
configure:6309: $? = 0
configure:6312: ar cru libconftest.a @conftest.lst >&5
ar: @conftest.lst: No such file or directory
configure:6315: $? = 1
configure:6335: result: no
configure:6393: checking for strip
configure:6409: found /usr/bin/strip
configure:6420: result: strip
configure:6492: checking for ranlib
configure:6508: found /usr/bin/ranlib
configure:6519: result: ranlib
configure:6621: checking command to parse /usr/bin/nm -B output from gcc object
configure:6774: gcc -c -g -O2  conftest.c >&5
configure:6777: $? = 0
configure:6781: /usr/bin/nm -B conftest.o \| sed -n -e 's/^.*[ ]\([BCDEGRST][BCDEGRST]*\)[ ][ ]*\([_A-Za-z][_A-Za-z0-9]*\)$/\1 \2 \2/p' | sed '/ __gnu_lto/d' \> conftest.nm
configure:6784: $? = 0
cannot find nm_test_var in conftest.nm
configure:6774: gcc -c -g -O2  conftest.c >&5
configure:6777: $? = 0
configure:6781: /usr/bin/nm -B conftest.o \| sed -n -e 's/^.*[ ]\([BCDEGRST][BCDEGRST]*\)[ ][ ]*_\([_A-Za-z][_A-Za-z0-9]*\)$/\1 _\2 \2/p' | sed '/ __gnu_lto/d' \> conftest.nm
configure:6784: $? = 0
configure:6850: gcc -o conftest -g -O2   conftest.c conftstm.o >&5
warning: (x86_64)  could not find object file symbol for symbol _main
configure:6853: $? = 0
configure:6891: result: ok
configure:6938: checking for sysroot
configure:6968: result: no
configure:6975: checking for a working dd
configure:7013: result: /bin/dd
configure:7017: checking how to truncate binary pipes
configure:7032: result: /bin/dd bs=4096 count=1
configure:7361: checking for mt
configure:7391: result: no
configure:7411: checking if : is a manifest tool
configure:7417: : '-?'
configure:7425: result: no
configure:7481: checking for dsymutil
configure:7497: found /usr/bin/dsymutil
configure:7508: result: dsymutil
configure:7573: checking for nmedit
configure:7589: found /usr/bin/nmedit
configure:7600: result: nmedit
configure:7665: checking for lipo
configure:7681: found /usr/bin/lipo
configure:7692: result: lipo
configure:7757: checking for otool
configure:7773: found /usr/bin/otool
configure:7784: result: otool
configure:7849: checking for otool64
configure:7879: result: no
configure:7924: checking for -single_module linker flag
gcc -g -O2  -o libconftest.dylib -dynamiclib -Wl,-single_module conftest.c
configure:7957: result: yes
configure:7960: checking for -exported_symbols_list linker flag
configure:7980: gcc -o conftest -g -O2   -Wl,-exported_symbols_list,conftest.sym conftest.c  >&5
configure:7980: $? = 0
configure:7990: result: yes
configure:7993: checking for -force_load linker flag
gcc -g -O2 -c -o conftest.o conftest.c
ar cru libconftest.a conftest.o
ranlib libconftest.a
gcc -g -O2  -o conftest conftest.c -Wl,-force_load,./libconftest.a
configure:8025: result: yes
configure:8102: checking how to run the C preprocessor
configure:8133: gcc -E  conftest.c
configure:8133: $? = 0
configure:8147: gcc -E  conftest.c
conftest.c:11:10: fatal error: 'ac_nonexistent.h' file not found
#include <ac_nonexistent.h>
         ^~~~~~~~~~~~~~~~~~
1 error generated.
configure:8147: $? = 1
configure: failed program was:
| /* confdefs.h */
| #define PACKAGE_NAME "Lustre"
| #define PACKAGE_TARNAME "lustre"
| #define PACKAGE_VERSION "2.12.58_104_g279c264_dirty"
| #define PACKAGE_STRING "Lustre 2.12.58_104_g279c264_dirty"
| #define PACKAGE_BUGREPORT "https://jira.whamcloud.com/"
| #define PACKAGE_URL ""
| #define PACKAGE "lustre"
| #define VERSION "2.12.58_104_g279c264_dirty"
| /* end confdefs.h.  */
| #include <ac_nonexistent.h>
configure:8172: result: gcc -E
configure:8192: gcc -E  conftest.c
configure:8192: $? = 0
configure:8206: gcc -E  conftest.c
conftest.c:11:10: fatal error: 'ac_nonexistent.h' file not found
#include <ac_nonexistent.h>
         ^~~~~~~~~~~~~~~~~~
1 error generated.
configure:8206: $? = 1
configure: failed program was:
| /* confdefs.h */
| #define PACKAGE_NAME "Lustre"
| #define PACKAGE_TARNAME "lustre"
| #define PACKAGE_VERSION "2.12.58_104_g279c264_dirty"
| #define PACKAGE_STRING "Lustre 2.12.58_104_g279c264_dirty"
| #define PACKAGE_BUGREPORT "https://jira.whamcloud.com/"
| #define PACKAGE_URL ""
| #define PACKAGE "lustre"
| #define VERSION "2.12.58_104_g279c264_dirty"
| /* end confdefs.h.  */
| #include <ac_nonexistent.h>
configure:8235: checking for ANSI C header files
configure:8255: gcc -c -g -O2  conftest.c >&5
configure:8255: $? = 0
configure:8328: gcc -o conftest -g -O2   conftest.c  >&5
configure:8328: $? = 0
configure:8328: ./conftest
configure:8328: $? = 0
configure:8339: result: yes
configure:8352: checking for sys/types.h
configure:8352: gcc -c -g -O2  conftest.c >&5
configure:8352: $? = 0
configure:8352: result: yes
configure:8352: checking for sys/stat.h
configure:8352: gcc -c -g -O2  conftest.c >&5
configure:8352: $? = 0
configure:8352: result: yes
configure:8352: checking for stdlib.h
configure:8352: gcc -c -g -O2  conftest.c >&5
configure:8352: $? = 0
configure:8352: result: yes
configure:8352: checking for string.h
configure:8352: gcc -c -g -O2  conftest.c >&5
configure:8352: $? = 0
configure:8352: result: yes
configure:8352: checking for memory.h
configure:8352: gcc -c -g -O2  conftest.c >&5
configure:8352: $? = 0
configure:8352: result: yes
configure:8352: checking for strings.h
configure:8352: gcc -c -g -O2  conftest.c >&5
configure:8352: $? = 0
configure:8352: result: yes
configure:8352: checking for inttypes.h
configure:8352: gcc -c -g -O2  conftest.c >&5
configure:8352: $? = 0
configure:8352: result: yes
configure:8352: checking for stdint.h
configure:8352: gcc -c -g -O2  conftest.c >&5
configure:8352: $? = 0
configure:8352: result: yes
configure:8352: checking for unistd.h
configure:8352: gcc -c -g -O2  conftest.c >&5
configure:8352: $? = 0
configure:8352: result: yes
configure:8366: checking for dlfcn.h
configure:8366: gcc -c -g -O2  conftest.c >&5
configure:8366: $? = 0
configure:8366: result: yes
configure:8622: checking for objdir
configure:8637: result: .libs
configure:8897: checking if gcc supports -fno-rtti -fno-exceptions
configure:8915: gcc -c -g -O2  -fno-rtti -fno-exceptions conftest.c >&5
configure:8919: $? = 0
configure:8932: result: yes
configure:9290: checking for gcc option to produce PIC
configure:9297: result: -fno-common -DPIC
configure:9305: checking if gcc PIC flag -fno-common -DPIC works
configure:9323: gcc -c -g -O2  -fno-common -DPIC -DPIC conftest.c >&5
configure:9327: $? = 0
configure:9340: result: yes
configure:9369: checking if gcc static flag -static works
configure:9397: result: no
configure:9412: checking if gcc supports -c -o file.o
configure:9433: gcc -c -g -O2  -o out/conftest2.o conftest.c >&5
configure:9437: $? = 0
configure:9459: result: yes
configure:9467: checking if gcc supports -c -o file.o
configure:9514: result: yes
configure:9547: checking whether the gcc linker (/Applications/Xcode.app/Contents/Developer/Toolchains/XcodeDefault.xctoolchain/usr/bin/ld) supports shared libraries
configure:10806: result: yes
configure:11046: checking dynamic linker characteristics
configure:11864: result: darwin18.7.0 dyld
configure:11986: checking how to hardcode library paths into programs
configure:12011: result: immediate
configure:12559: checking whether stripping libraries is possible
configure:12573: result: yes
configure:12599: checking if libtool supports shared libraries
configure:12601: result: yes
configure:12604: checking whether to build shared libraries
configure:12629: result: yes
configure:12632: checking whether to build static libraries
configure:12636: result: yes
configure:12683: checking dependency style of gcc
configure:12792: result: gcc3
configure:12810: checking for rpmbuild
configure:12843: result: no
configure:12990: Lustre base checks
==============================================================================
configure:13003: checking whether to configure just enough for make dist
configure:13012: result: no
configure:13032: checking if this distro uses dpkg
configure:13047: result: no
configure:13149: checking for ranlib
configure:13176: result: ranlib
configure:13241: checking for ld
configure:13268: result: /Applications/Xcode.app/Contents/Developer/Toolchains/XcodeDefault.xctoolchain/usr/bin/ld
configure:13333: checking for objdump
configure:13360: result: objdump
configure:13425: checking for strip
configure:13452: result: strip
configure:13480: checking size of unsigned long long
configure:13485: gcc -o conftest -g -O2   conftest.c  >&5
configure:13485: $? = 0
configure:13485: ./conftest
configure:13485: $? = 0
configure:13499: result: 8
configure:13532: checking for -Wno-format-truncation support
configure:13549: gcc -c -g -O2 -Wno-format-truncation -I/Users/crb002/github/lustre-release/libcfs/include -I/Users/crb002/github/lustre-release/lnet/include -I/Users/crb002/github/lustre-release/lnet/include/uapi -I/Users/crb002/github/lustre-release/lustre/include -I/Users/crb002/github/lustre-release/lustre/include/uapi  conftest.c >&5
warning: unknown warning option '-Wno-format-truncation' [-Wunknown-warning-option]
1 warning generated.
configure:13549: $? = 0
configure:13553: result: yes
configure:13567: checking for -Wno-stringop-truncation support
configure:13584: gcc -c -g -O2 -Wno-stringop-truncation -I/Users/crb002/github/lustre-release/libcfs/include -I/Users/crb002/github/lustre-release/lnet/include -I/Users/crb002/github/lustre-release/lnet/include/uapi -I/Users/crb002/github/lustre-release/lustre/include -I/Users/crb002/github/lustre-release/lustre/include/uapi  conftest.c >&5
warning: unknown warning option '-Wno-stringop-truncation'; did you mean '-Wno-string-conversion'? [-Wunknown-warning-option]
1 warning generated.
configure:13584: $? = 0
configure:13588: result: yes
configure:13602: checking for -Wno-stringop-overflow support
configure:13619: gcc -c -g -O2 -Wno-stringop-overflow -I/Users/crb002/github/lustre-release/libcfs/include -I/Users/crb002/github/lustre-release/lnet/include -I/Users/crb002/github/lustre-release/lnet/include/uapi -I/Users/crb002/github/lustre-release/lustre/include -I/Users/crb002/github/lustre-release/lustre/include/uapi  conftest.c >&5
warning: unknown warning option '-Wno-stringop-overflow'; did you mean '-Wno-shift-overflow'? [-Wunknown-warning-option]
1 warning generated.
configure:13619: $? = 0
configure:13623: result: yes
configure:13638: checking whether to use OSD addon
configure:13662: result: no
configure:13694: checking whether to build Lustre docs
configure:13703: result: no
configure:13713: checking whether to build Lustre manpages
configure:13722: result: yes
configure:13726: checking whether to build Lustre utilities
configure:13735: result: yes
configure:13739: checking whether to build Lustre tests
configure:13748: result: yes
configure:13752: checking whether to build Lustre client support
configure:13761: result: yes
configure:13796: checking whether mpitests can be built
configure:13812: mpicc -c -g -O2 -I/Users/crb002/github/lustre-release/libcfs/include -I/Users/crb002/github/lustre-release/lnet/include -I/Users/crb002/github/lustre-release/lnet/include/uapi -I/Users/crb002/github/lustre-release/lustre/include -I/Users/crb002/github/lustre-release/lustre/include/uapi  conftest.c >&5
configure:13812: $? = 0
configure:13820: result: yes
configure:13859: checking whether to build Linux kernel modules
configure:13879: result: no (darwin18.7.0)
configure:32554: checking whether to build ldiskfs
configure:32556: result: no
configure:32613: checking whether to enable zfs
configure:32615: result: no
configure:34392: checking whether to build Lustre server support
configure:34394: result: no
configure:34418: checking whether to enable CDEBUG, CWARN
configure:34427: result: yes
configure:34435: checking whether to enable ENTRY/EXIT
configure:34444: result: yes
configure:34452: checking whether to enable LASSERT, LASSERTF
configure:34461: result: yes
configure:34472: checking whether to enable quota support global control
configure:34482: result: yes
configure:34492: checking sys/quota.h usability
configure:34492: gcc -c -g -O2 -I/Users/crb002/github/lustre-release/libcfs/include -I/Users/crb002/github/lustre-release/lnet/include -I/Users/crb002/github/lustre-release/lnet/include/uapi -I/Users/crb002/github/lustre-release/lustre/include -I/Users/crb002/github/lustre-release/lustre/include/uapi  conftest.c >&5
configure:34492: $? = 0
configure:34492: result: yes
configure:34492: checking sys/quota.h presence
configure:34492: gcc -E -I/Users/crb002/github/lustre-release/libcfs/include -I/Users/crb002/github/lustre-release/lnet/include -I/Users/crb002/github/lustre-release/lnet/include/uapi -I/Users/crb002/github/lustre-release/lustre/include -I/Users/crb002/github/lustre-release/lustre/include/uapi  conftest.c
configure:34492: $? = 0
configure:34492: result: yes
configure:34492: checking for sys/quota.h
configure:34492: result: yes
configure:34507: checking libmount/libmount.h usability
configure:34507: gcc -c -g -O2 -I/Users/crb002/github/lustre-release/libcfs/include -I/Users/crb002/github/lustre-release/lnet/include -I/Users/crb002/github/lustre-release/lnet/include/uapi -I/Users/crb002/github/lustre-release/lustre/include -I/Users/crb002/github/lustre-release/lustre/include/uapi  conftest.c >&5
conftest.c:66:10: fatal error: 'libmount/libmount.h' file not found
#include <libmount/libmount.h>
         ^~~~~~~~~~~~~~~~~~~~~
1 error generated.
configure:34507: $? = 1
configure: failed program was:
| /* confdefs.h */
| #define PACKAGE_NAME "Lustre"
| #define PACKAGE_TARNAME "lustre"
| #define PACKAGE_VERSION "2.12.58_104_g279c264_dirty"
| #define PACKAGE_STRING "Lustre 2.12.58_104_g279c264_dirty"
| #define PACKAGE_BUGREPORT "https://jira.whamcloud.com/"
| #define PACKAGE_URL ""
| #define PACKAGE "lustre"
| #define VERSION "2.12.58_104_g279c264_dirty"
| #define STDC_HEADERS 1
| #define HAVE_SYS_TYPES_H 1
| #define HAVE_SYS_STAT_H 1
| #define HAVE_STDLIB_H 1
| #define HAVE_STRING_H 1
| #define HAVE_MEMORY_H 1
| #define HAVE_STRINGS_H 1
| #define HAVE_INTTYPES_H 1
| #define HAVE_STDINT_H 1
| #define HAVE_UNISTD_H 1
| #define HAVE_DLFCN_H 1
| #define LT_OBJDIR ".libs/"
| #define LUSTRE_MAJOR 
| #define LUSTRE_MINOR 
| #define LUSTRE_PATCH 
| #define LUSTRE_FIX 0
| #define LUSTRE_VERSION_STRING "2.12.58_104_g279c264_dirty"
| #define SIZEOF_UNSIGNED_LONG_LONG 8
| #define CDEBUG_ENABLED 1
| #define CDEBUG_ENTRY_EXIT 1
| #define LIBCFS_DEBUG 1
| #define HAVE_SYS_QUOTA_H 1
| /* end confdefs.h.  */
| #include <stdio.h>
| #ifdef HAVE_SYS_TYPES_H
| # include <sys/types.h>
| #endif
| #ifdef HAVE_SYS_STAT_H
| # include <sys/stat.h>
| #endif
| #ifdef STDC_HEADERS
| # include <stdlib.h>
| # include <stddef.h>
| #else
| # ifdef HAVE_STDLIB_H
| #  include <stdlib.h>
| # endif
| #endif
| #ifdef HAVE_STRING_H
| # if !defined STDC_HEADERS && defined HAVE_MEMORY_H
| #  include <memory.h>
| # endif
| # include <string.h>
| #endif
| #ifdef HAVE_STRINGS_H
| # include <strings.h>
| #endif
| #ifdef HAVE_INTTYPES_H
| # include <inttypes.h>
| #endif
| #ifdef HAVE_STDINT_H
| # include <stdint.h>
| #endif
| #ifdef HAVE_UNISTD_H
| # include <unistd.h>
| #endif
| #include <libmount/libmount.h>
configure:34507: result: no
configure:34507: checking libmount/libmount.h presence
configure:34507: gcc -E -I/Users/crb002/github/lustre-release/libcfs/include -I/Users/crb002/github/lustre-release/lnet/include -I/Users/crb002/github/lustre-release/lnet/include/uapi -I/Users/crb002/github/lustre-release/lustre/include -I/Users/crb002/github/lustre-release/lustre/include/uapi  conftest.c
conftest.c:33:10: fatal error: 'libmount/libmount.h' file not found
#include <libmount/libmount.h>
         ^~~~~~~~~~~~~~~~~~~~~
1 error generated.
configure:34507: $? = 1
configure: failed program was:
| /* confdefs.h */
| #define PACKAGE_NAME "Lustre"
| #define PACKAGE_TARNAME "lustre"
| #define PACKAGE_VERSION "2.12.58_104_g279c264_dirty"
| #define PACKAGE_STRING "Lustre 2.12.58_104_g279c264_dirty"
| #define PACKAGE_BUGREPORT "https://jira.whamcloud.com/"
| #define PACKAGE_URL ""
| #define PACKAGE "lustre"
| #define VERSION "2.12.58_104_g279c264_dirty"
| #define STDC_HEADERS 1
| #define HAVE_SYS_TYPES_H 1
| #define HAVE_SYS_STAT_H 1
| #define HAVE_STDLIB_H 1
| #define HAVE_STRING_H 1
| #define HAVE_MEMORY_H 1
| #define HAVE_STRINGS_H 1
| #define HAVE_INTTYPES_H 1
| #define HAVE_STDINT_H 1
| #define HAVE_UNISTD_H 1
| #define HAVE_DLFCN_H 1
| #define LT_OBJDIR ".libs/"
| #define LUSTRE_MAJOR 
| #define LUSTRE_MINOR 
| #define LUSTRE_PATCH 
| #define LUSTRE_FIX 0
| #define LUSTRE_VERSION_STRING "2.12.58_104_g279c264_dirty"
| #define SIZEOF_UNSIGNED_LONG_LONG 8
| #define CDEBUG_ENABLED 1
| #define CDEBUG_ENTRY_EXIT 1
| #define LIBCFS_DEBUG 1
| #define HAVE_SYS_QUOTA_H 1
| /* end confdefs.h.  */
| #include <libmount/libmount.h>
configure:34507: result: no
configure:34507: checking for libmount/libmount.h
configure:34507: result: no
configure:34565: checking whether to build with libmount
configure:34574: result: no
configure:34582: checking for ./snmp/lustre-snmp.c
configure:34596: result: yes
configure:34605: checking whether to build iokit
configure:34614: result: yes
configure:34633: checking whether to use alternate names for e2fsprogs
configure:34662: result: disabled
configure:34736: LibCFS core checks
==============================================================================
configure:34744: checking netdb.h usability
configure:34744: gcc -c -g -O2 -I/Users/crb002/github/lustre-release/libcfs/include -I/Users/crb002/github/lustre-release/lnet/include -I/Users/crb002/github/lustre-release/lnet/include/uapi -I/Users/crb002/github/lustre-release/lustre/include -I/Users/crb002/github/lustre-release/lustre/include/uapi  conftest.c >&5
configure:34744: $? = 0
configure:34744: result: yes
configure:34744: checking netdb.h presence
configure:34744: gcc -E -I/Users/crb002/github/lustre-release/libcfs/include -I/Users/crb002/github/lustre-release/lnet/include -I/Users/crb002/github/lustre-release/lnet/include/uapi -I/Users/crb002/github/lustre-release/lustre/include -I/Users/crb002/github/lustre-release/lustre/include/uapi  conftest.c
configure:34744: $? = 0
configure:34744: result: yes
configure:34744: checking for netdb.h
configure:34744: result: yes
configure:34744: checking asm/types.h usability
configure:34744: gcc -c -g -O2 -I/Users/crb002/github/lustre-release/libcfs/include -I/Users/crb002/github/lustre-release/lnet/include -I/Users/crb002/github/lustre-release/lnet/include/uapi -I/Users/crb002/github/lustre-release/lustre/include -I/Users/crb002/github/lustre-release/lustre/include/uapi  conftest.c >&5
conftest.c:75:10: fatal error: 'asm/types.h' file not found
#include <asm/types.h>
         ^~~~~~~~~~~~~
1 error generated.
configure:34744: $? = 1
configure: failed program was:
| /* confdefs.h */
| #define PACKAGE_NAME "Lustre"
| #define PACKAGE_TARNAME "lustre"
| #define PACKAGE_VERSION "2.12.58_104_g279c264_dirty"
| #define PACKAGE_STRING "Lustre 2.12.58_104_g279c264_dirty"
| #define PACKAGE_BUGREPORT "https://jira.whamcloud.com/"
| #define PACKAGE_URL ""
| #define PACKAGE "lustre"
| #define VERSION "2.12.58_104_g279c264_dirty"
| #define STDC_HEADERS 1
| #define HAVE_SYS_TYPES_H 1
| #define HAVE_SYS_STAT_H 1
| #define HAVE_STDLIB_H 1
| #define HAVE_STRING_H 1
| #define HAVE_MEMORY_H 1
| #define HAVE_STRINGS_H 1
| #define HAVE_INTTYPES_H 1
| #define HAVE_STDINT_H 1
| #define HAVE_UNISTD_H 1
| #define HAVE_DLFCN_H 1
| #define LT_OBJDIR ".libs/"
| #define LUSTRE_MAJOR 
| #define LUSTRE_MINOR 
| #define LUSTRE_PATCH 
| #define LUSTRE_FIX 0
| #define LUSTRE_VERSION_STRING "2.12.58_104_g279c264_dirty"
| #define SIZEOF_UNSIGNED_LONG_LONG 8
| #define CDEBUG_ENABLED 1
| #define CDEBUG_ENTRY_EXIT 1
| #define LIBCFS_DEBUG 1
| #define HAVE_SYS_QUOTA_H 1
| #define E2FSPROGS "e2fsprogs"
| #define MKE2FS "mke2fs"
| #define DEBUGFS "debugfs"
| #define TUNE2FS "tune2fs"
| #define E2LABEL "e2label"
| #define DUMPE2FS "dumpe2fs"
| #define E2FSCK "e2fsck"
| #define PFSCK "fsck"
| #define HAVE_NETDB_H 1
| /* end confdefs.h.  */
| #include <stdio.h>
| #ifdef HAVE_SYS_TYPES_H
| # include <sys/types.h>
| #endif
| #ifdef HAVE_SYS_STAT_H
| # include <sys/stat.h>
| #endif
| #ifdef STDC_HEADERS
| # include <stdlib.h>
| # include <stddef.h>
| #else
| # ifdef HAVE_STDLIB_H
| #  include <stdlib.h>
| # endif
| #endif
| #ifdef HAVE_STRING_H
| # if !defined STDC_HEADERS && defined HAVE_MEMORY_H
| #  include <memory.h>
| # endif
| # include <string.h>
| #endif
| #ifdef HAVE_STRINGS_H
| # include <strings.h>
| #endif
| #ifdef HAVE_INTTYPES_H
| # include <inttypes.h>
| #endif
| #ifdef HAVE_STDINT_H
| # include <stdint.h>
| #endif
| #ifdef HAVE_UNISTD_H
| # include <unistd.h>
| #endif
| #include <asm/types.h>
configure:34744: result: no
configure:34744: checking asm/types.h presence
configure:34744: gcc -E -I/Users/crb002/github/lustre-release/libcfs/include -I/Users/crb002/github/lustre-release/lnet/include -I/Users/crb002/github/lustre-release/lnet/include/uapi -I/Users/crb002/github/lustre-release/lustre/include -I/Users/crb002/github/lustre-release/lustre/include/uapi  conftest.c
conftest.c:42:10: fatal error: 'asm/types.h' file not found
#include <asm/types.h>
         ^~~~~~~~~~~~~
1 error generated.
configure:34744: $? = 1
configure: failed program was:
| /* confdefs.h */
| #define PACKAGE_NAME "Lustre"
| #define PACKAGE_TARNAME "lustre"
| #define PACKAGE_VERSION "2.12.58_104_g279c264_dirty"
| #define PACKAGE_STRING "Lustre 2.12.58_104_g279c264_dirty"
| #define PACKAGE_BUGREPORT "https://jira.whamcloud.com/"
| #define PACKAGE_URL ""
| #define PACKAGE "lustre"
| #define VERSION "2.12.58_104_g279c264_dirty"
| #define STDC_HEADERS 1
| #define HAVE_SYS_TYPES_H 1
| #define HAVE_SYS_STAT_H 1
| #define HAVE_STDLIB_H 1
| #define HAVE_STRING_H 1
| #define HAVE_MEMORY_H 1
| #define HAVE_STRINGS_H 1
| #define HAVE_INTTYPES_H 1
| #define HAVE_STDINT_H 1
| #define HAVE_UNISTD_H 1
| #define HAVE_DLFCN_H 1
| #define LT_OBJDIR ".libs/"
| #define LUSTRE_MAJOR 
| #define LUSTRE_MINOR 
| #define LUSTRE_PATCH 
| #define LUSTRE_FIX 0
| #define LUSTRE_VERSION_STRING "2.12.58_104_g279c264_dirty"
| #define SIZEOF_UNSIGNED_LONG_LONG 8
| #define CDEBUG_ENABLED 1
| #define CDEBUG_ENTRY_EXIT 1
| #define LIBCFS_DEBUG 1
| #define HAVE_SYS_QUOTA_H 1
| #define E2FSPROGS "e2fsprogs"
| #define MKE2FS "mke2fs"
| #define DEBUGFS "debugfs"
| #define TUNE2FS "tune2fs"
| #define E2LABEL "e2label"
| #define DUMPE2FS "dumpe2fs"
| #define E2FSCK "e2fsck"
| #define PFSCK "fsck"
| #define HAVE_NETDB_H 1
| /* end confdefs.h.  */
| #include <asm/types.h>
configure:34744: result: no
configure:34744: checking for asm/types.h
configure:34744: result: no
configure:34744: checking endian.h usability
configure:34744: gcc -c -g -O2 -I/Users/crb002/github/lustre-release/libcfs/include -I/Users/crb002/github/lustre-release/lnet/include -I/Users/crb002/github/lustre-release/lnet/include/uapi -I/Users/crb002/github/lustre-release/lustre/include -I/Users/crb002/github/lustre-release/lustre/include/uapi  conftest.c >&5
conftest.c:75:10: fatal error: 'endian.h' file not found
#include <endian.h>
         ^~~~~~~~~~
1 error generated.
configure:34744: $? = 1
configure: failed program was:
| /* confdefs.h */
| #define PACKAGE_NAME "Lustre"
| #define PACKAGE_TARNAME "lustre"
| #define PACKAGE_VERSION "2.12.58_104_g279c264_dirty"
| #define PACKAGE_STRING "Lustre 2.12.58_104_g279c264_dirty"
| #define PACKAGE_BUGREPORT "https://jira.whamcloud.com/"
| #define PACKAGE_URL ""
| #define PACKAGE "lustre"
| #define VERSION "2.12.58_104_g279c264_dirty"
| #define STDC_HEADERS 1
| #define HAVE_SYS_TYPES_H 1
| #define HAVE_SYS_STAT_H 1
| #define HAVE_STDLIB_H 1
| #define HAVE_STRING_H 1
| #define HAVE_MEMORY_H 1
| #define HAVE_STRINGS_H 1
| #define HAVE_INTTYPES_H 1
| #define HAVE_STDINT_H 1
| #define HAVE_UNISTD_H 1
| #define HAVE_DLFCN_H 1
| #define LT_OBJDIR ".libs/"
| #define LUSTRE_MAJOR 
| #define LUSTRE_MINOR 
| #define LUSTRE_PATCH 
| #define LUSTRE_FIX 0
| #define LUSTRE_VERSION_STRING "2.12.58_104_g279c264_dirty"
| #define SIZEOF_UNSIGNED_LONG_LONG 8
| #define CDEBUG_ENABLED 1
| #define CDEBUG_ENTRY_EXIT 1
| #define LIBCFS_DEBUG 1
| #define HAVE_SYS_QUOTA_H 1
| #define E2FSPROGS "e2fsprogs"
| #define MKE2FS "mke2fs"
| #define DEBUGFS "debugfs"
| #define TUNE2FS "tune2fs"
| #define E2LABEL "e2label"
| #define DUMPE2FS "dumpe2fs"
| #define E2FSCK "e2fsck"
| #define PFSCK "fsck"
| #define HAVE_NETDB_H 1
| /* end confdefs.h.  */
| #include <stdio.h>
| #ifdef HAVE_SYS_TYPES_H
| # include <sys/types.h>
| #endif
| #ifdef HAVE_SYS_STAT_H
| # include <sys/stat.h>
| #endif
| #ifdef STDC_HEADERS
| # include <stdlib.h>
| # include <stddef.h>
| #else
| # ifdef HAVE_STDLIB_H
| #  include <stdlib.h>
| # endif
| #endif
| #ifdef HAVE_STRING_H
| # if !defined STDC_HEADERS && defined HAVE_MEMORY_H
| #  include <memory.h>
| # endif
| # include <string.h>
| #endif
| #ifdef HAVE_STRINGS_H
| # include <strings.h>
| #endif
| #ifdef HAVE_INTTYPES_H
| # include <inttypes.h>
| #endif
| #ifdef HAVE_STDINT_H
| # include <stdint.h>
| #endif
| #ifdef HAVE_UNISTD_H
| # include <unistd.h>
| #endif
| #include <endian.h>
configure:34744: result: no
configure:34744: checking endian.h presence
configure:34744: gcc -E -I/Users/crb002/github/lustre-release/libcfs/include -I/Users/crb002/github/lustre-release/lnet/include -I/Users/crb002/github/lustre-release/lnet/include/uapi -I/Users/crb002/github/lustre-release/lustre/include -I/Users/crb002/github/lustre-release/lustre/include/uapi  conftest.c
conftest.c:42:10: fatal error: 'endian.h' file not found
#include <endian.h>
         ^~~~~~~~~~
1 error generated.
configure:34744: $? = 1
configure: failed program was:
| /* confdefs.h */
| #define PACKAGE_NAME "Lustre"
| #define PACKAGE_TARNAME "lustre"
| #define PACKAGE_VERSION "2.12.58_104_g279c264_dirty"
| #define PACKAGE_STRING "Lustre 2.12.58_104_g279c264_dirty"
| #define PACKAGE_BUGREPORT "https://jira.whamcloud.com/"
| #define PACKAGE_URL ""
| #define PACKAGE "lustre"
| #define VERSION "2.12.58_104_g279c264_dirty"
| #define STDC_HEADERS 1
| #define HAVE_SYS_TYPES_H 1
| #define HAVE_SYS_STAT_H 1
| #define HAVE_STDLIB_H 1
| #define HAVE_STRING_H 1
| #define HAVE_MEMORY_H 1
| #define HAVE_STRINGS_H 1
| #define HAVE_INTTYPES_H 1
| #define HAVE_STDINT_H 1
| #define HAVE_UNISTD_H 1
| #define HAVE_DLFCN_H 1
| #define LT_OBJDIR ".libs/"
| #define LUSTRE_MAJOR 
| #define LUSTRE_MINOR 
| #define LUSTRE_PATCH 
| #define LUSTRE_FIX 0
| #define LUSTRE_VERSION_STRING "2.12.58_104_g279c264_dirty"
| #define SIZEOF_UNSIGNED_LONG_LONG 8
| #define CDEBUG_ENABLED 1
| #define CDEBUG_ENTRY_EXIT 1
| #define LIBCFS_DEBUG 1
| #define HAVE_SYS_QUOTA_H 1
| #define E2FSPROGS "e2fsprogs"
| #define MKE2FS "mke2fs"
| #define DEBUGFS "debugfs"
| #define TUNE2FS "tune2fs"
| #define E2LABEL "e2label"
| #define DUMPE2FS "dumpe2fs"
| #define E2FSCK "e2fsck"
| #define PFSCK "fsck"
| #define HAVE_NETDB_H 1
| /* end confdefs.h.  */
| #include <endian.h>
configure:34744: result: no
configure:34744: checking for endian.h
configure:34744: result: no
configure:34756: checking for gethostbyname
configure:34756: gcc -o conftest -g -O2 -I/Users/crb002/github/lustre-release/libcfs/include -I/Users/crb002/github/lustre-release/lnet/include -I/Users/crb002/github/lustre-release/lnet/include/uapi -I/Users/crb002/github/lustre-release/lustre/include -I/Users/crb002/github/lustre-release/lustre/include/uapi   conftest.c  >&5
configure:34756: $? = 0
configure:34756: result: yes
configure:34769: LibCFS required packages checks
==============================================================================
configure:34773: checking whether to enable readline support
configure:34782: result: yes
configure:34788: checking for readline in -lreadline
configure:34813: gcc -o conftest -g -O2 -I/Users/crb002/github/lustre-release/libcfs/include -I/Users/crb002/github/lustre-release/lnet/include -I/Users/crb002/github/lustre-release/lnet/include/uapi -I/Users/crb002/github/lustre-release/lustre/include -I/Users/crb002/github/lustre-release/lustre/include/uapi   conftest.c -lreadline   >&5
configure:34813: $? = 0
configure:34822: result: yes
configure:34837: checking whether to use libpthread for libcfs library
configure:34846: result: yes
configure:34852: checking for pthread_create in -lpthread
configure:34877: gcc -o conftest -g -O2 -I/Users/crb002/github/lustre-release/libcfs/include -I/Users/crb002/github/lustre-release/lnet/include -I/Users/crb002/github/lustre-release/lnet/include/uapi -I/Users/crb002/github/lustre-release/lustre/include -I/Users/crb002/github/lustre-release/lustre/include/uapi   conftest.c -lpthread   >&5
configure:34877: $? = 0
configure:34886: result: yes
configure:34908: LNet core checks
==============================================================================
configure:34915: checking for netdb.h
configure:34915: result: yes
configure:34927: checking for gethostbyname
configure:34927: result: yes
configure:34940: checking for strnlen
configure:34940: gcc -o conftest -g -O2 -I/Users/crb002/github/lustre-release/libcfs/include -I/Users/crb002/github/lustre-release/lnet/include -I/Users/crb002/github/lustre-release/lnet/include/uapi -I/Users/crb002/github/lustre-release/lustre/include -I/Users/crb002/github/lustre-release/lustre/include/uapi   conftest.c  >&5
configure:34940: $? = 0
configure:34940: result: yes
configure:34952: checking whether to enable 'efence' debugging support
configure:34961: result: no
configure:34978: checking for yaml_parser_initialize in -lyaml
configure:35003: gcc -o conftest -g -O2 -I/Users/crb002/github/lustre-release/libcfs/include -I/Users/crb002/github/lustre-release/lnet/include -I/Users/crb002/github/lustre-release/lnet/include/uapi -I/Users/crb002/github/lustre-release/lustre/include -I/Users/crb002/github/lustre-release/lustre/include/uapi   conftest.c -lyaml -lm  >&5
configure:35003: $? = 0
configure:35012: result: yes
configure:35026: Lustre core checks
==============================================================================
configure:35036: checking for maximum number of MDS threads
configure:35048: result: 
configure:35061: checking for netdb.h
configure:35061: result: yes
configure:35061: checking for endian.h
configure:35061: result: no
configure:35073: checking for gethostbyname
configure:35073: result: yes
configure:35086: checking ext2fs/ext2fs.h usability
configure:35086: gcc -c -g -O2 -Wall -Werror -I/Users/crb002/github/lustre-release/libcfs/include -I/Users/crb002/github/lustre-release/lnet/include -I/Users/crb002/github/lustre-release/lnet/include/uapi -I/Users/crb002/github/lustre-release/lustre/include -I/Users/crb002/github/lustre-release/lustre/include/uapi  conftest.c >&5
conftest.c:83:10: fatal error: 'ext2fs/ext2fs.h' file not found
#include <ext2fs/ext2fs.h>
         ^~~~~~~~~~~~~~~~~
1 error generated.
configure:35086: $? = 1
configure: failed program was:
| /* confdefs.h */
| #define PACKAGE_NAME "Lustre"
| #define PACKAGE_TARNAME "lustre"
| #define PACKAGE_VERSION "2.12.58_104_g279c264_dirty"
| #define PACKAGE_STRING "Lustre 2.12.58_104_g279c264_dirty"
| #define PACKAGE_BUGREPORT "https://jira.whamcloud.com/"
| #define PACKAGE_URL ""
| #define PACKAGE "lustre"
| #define VERSION "2.12.58_104_g279c264_dirty"
| #define STDC_HEADERS 1
| #define HAVE_SYS_TYPES_H 1
| #define HAVE_SYS_STAT_H 1
| #define HAVE_STDLIB_H 1
| #define HAVE_STRING_H 1
| #define HAVE_MEMORY_H 1
| #define HAVE_STRINGS_H 1
| #define HAVE_INTTYPES_H 1
| #define HAVE_STDINT_H 1
| #define HAVE_UNISTD_H 1
| #define HAVE_DLFCN_H 1
| #define LT_OBJDIR ".libs/"
| #define LUSTRE_MAJOR 
| #define LUSTRE_MINOR 
| #define LUSTRE_PATCH 
| #define LUSTRE_FIX 0
| #define LUSTRE_VERSION_STRING "2.12.58_104_g279c264_dirty"
| #define SIZEOF_UNSIGNED_LONG_LONG 8
| #define CDEBUG_ENABLED 1
| #define CDEBUG_ENTRY_EXIT 1
| #define LIBCFS_DEBUG 1
| #define HAVE_SYS_QUOTA_H 1
| #define E2FSPROGS "e2fsprogs"
| #define MKE2FS "mke2fs"
| #define DEBUGFS "debugfs"
| #define TUNE2FS "tune2fs"
| #define E2LABEL "e2label"
| #define DUMPE2FS "dumpe2fs"
| #define E2FSCK "e2fsck"
| #define PFSCK "fsck"
| #define HAVE_NETDB_H 1
| #define HAVE_GETHOSTBYNAME 1
| #define HAVE_LIBREADLINE 1
| #define HAVE_LIBPTHREAD 1
| #define HAVE_NETDB_H 1
| #define HAVE_GETHOSTBYNAME 1
| #define HAVE_STRNLEN 1
| #define HAVE_NETDB_H 1
| #define HAVE_GETHOSTBYNAME 1
| /* end confdefs.h.  */
| #include <stdio.h>
| #ifdef HAVE_SYS_TYPES_H
| # include <sys/types.h>
| #endif
| #ifdef HAVE_SYS_STAT_H
| # include <sys/stat.h>
| #endif
| #ifdef STDC_HEADERS
| # include <stdlib.h>
| # include <stddef.h>
| #else
| # ifdef HAVE_STDLIB_H
| #  include <stdlib.h>
| # endif
| #endif
| #ifdef HAVE_STRING_H
| # if !defined STDC_HEADERS && defined HAVE_MEMORY_H
| #  include <memory.h>
| # endif
| # include <string.h>
| #endif
| #ifdef HAVE_STRINGS_H
| # include <strings.h>
| #endif
| #ifdef HAVE_INTTYPES_H
| # include <inttypes.h>
| #endif
| #ifdef HAVE_STDINT_H
| # include <stdint.h>
| #endif
| #ifdef HAVE_UNISTD_H
| # include <unistd.h>
| #endif
| #include <ext2fs/ext2fs.h>
configure:35086: result: no
configure:35086: checking ext2fs/ext2fs.h presence
configure:35086: gcc -E -I/Users/crb002/github/lustre-release/libcfs/include -I/Users/crb002/github/lustre-release/lnet/include -I/Users/crb002/github/lustre-release/lnet/include/uapi -I/Users/crb002/github/lustre-release/lustre/include -I/Users/crb002/github/lustre-release/lustre/include/uapi  conftest.c
conftest.c:50:10: fatal error: 'ext2fs/ext2fs.h' file not found
#include <ext2fs/ext2fs.h>
         ^~~~~~~~~~~~~~~~~
1 error generated.
configure:35086: $? = 1
configure: failed program was:
| /* confdefs.h */
| #define PACKAGE_NAME "Lustre"
| #define PACKAGE_TARNAME "lustre"
| #define PACKAGE_VERSION "2.12.58_104_g279c264_dirty"
| #define PACKAGE_STRING "Lustre 2.12.58_104_g279c264_dirty"
| #define PACKAGE_BUGREPORT "https://jira.whamcloud.com/"
| #define PACKAGE_URL ""
| #define PACKAGE "lustre"
| #define VERSION "2.12.58_104_g279c264_dirty"
| #define STDC_HEADERS 1
| #define HAVE_SYS_TYPES_H 1
| #define HAVE_SYS_STAT_H 1
| #define HAVE_STDLIB_H 1
| #define HAVE_STRING_H 1
| #define HAVE_MEMORY_H 1
| #define HAVE_STRINGS_H 1
| #define HAVE_INTTYPES_H 1
| #define HAVE_STDINT_H 1
| #define HAVE_UNISTD_H 1
| #define HAVE_DLFCN_H 1
| #define LT_OBJDIR ".libs/"
| #define LUSTRE_MAJOR 
| #define LUSTRE_MINOR 
| #define LUSTRE_PATCH 
| #define LUSTRE_FIX 0
| #define LUSTRE_VERSION_STRING "2.12.58_104_g279c264_dirty"
| #define SIZEOF_UNSIGNED_LONG_LONG 8
| #define CDEBUG_ENABLED 1
| #define CDEBUG_ENTRY_EXIT 1
| #define LIBCFS_DEBUG 1
| #define HAVE_SYS_QUOTA_H 1
| #define E2FSPROGS "e2fsprogs"
| #define MKE2FS "mke2fs"
| #define DEBUGFS "debugfs"
| #define TUNE2FS "tune2fs"
| #define E2LABEL "e2label"
| #define DUMPE2FS "dumpe2fs"
| #define E2FSCK "e2fsck"
| #define PFSCK "fsck"
| #define HAVE_NETDB_H 1
| #define HAVE_GETHOSTBYNAME 1
| #define HAVE_LIBREADLINE 1
| #define HAVE_LIBPTHREAD 1
| #define HAVE_NETDB_H 1
| #define HAVE_GETHOSTBYNAME 1
| #define HAVE_STRNLEN 1
| #define HAVE_NETDB_H 1
| #define HAVE_GETHOSTBYNAME 1
| /* end confdefs.h.  */
| #include <ext2fs/ext2fs.h>
configure:35086: result: no
configure:35086: checking for ext2fs/ext2fs.h
configure:35086: result: no
configure:35100: checking for crc32 in -lz
configure:35125: gcc -o conftest -g -O2 -Wall -Werror -I/Users/crb002/github/lustre-release/libcfs/include -I/Users/crb002/github/lustre-release/lnet/include -I/Users/crb002/github/lustre-release/lnet/include/uapi -I/Users/crb002/github/lustre-release/lustre/include -I/Users/crb002/github/lustre-release/lustre/include/uapi   conftest.c -lz   >&5
configure:35125: $? = 0
configure:35134: result: yes
configure:35138: checking zlib.h usability
configure:35138: gcc -c -g -O2 -Wall -Werror -I/Users/crb002/github/lustre-release/libcfs/include -I/Users/crb002/github/lustre-release/lnet/include -I/Users/crb002/github/lustre-release/lnet/include/uapi -I/Users/crb002/github/lustre-release/lustre/include -I/Users/crb002/github/lustre-release/lustre/include/uapi  conftest.c >&5
configure:35138: $? = 0
configure:35138: result: yes
configure:35138: checking zlib.h presence
configure:35138: gcc -E -I/Users/crb002/github/lustre-release/libcfs/include -I/Users/crb002/github/lustre-release/lnet/include -I/Users/crb002/github/lustre-release/lnet/include/uapi -I/Users/crb002/github/lustre-release/lustre/include -I/Users/crb002/github/lustre-release/lustre/include/uapi  conftest.c
configure:35138: $? = 0
configure:35138: result: yes
configure:35138: checking for zlib.h
configure:35138: result: yes
configure:35160: checking for is_selinux_enabled in -lselinux
configure:35185: gcc -o conftest -g -O2 -Wall -Werror -I/Users/crb002/github/lustre-release/libcfs/include -I/Users/crb002/github/lustre-release/lnet/include -I/Users/crb002/github/lustre-release/lnet/include/uapi -I/Users/crb002/github/lustre-release/lustre/include -I/Users/crb002/github/lustre-release/lustre/include/uapi   conftest.c -lselinux   >&5
ld: library not found for -lselinux
clang: error: linker command failed with exit code 1 (use -v to see invocation)
configure:35185: $? = 1
configure: failed program was:
| /* confdefs.h */
| #define PACKAGE_NAME "Lustre"
| #define PACKAGE_TARNAME "lustre"
| #define PACKAGE_VERSION "2.12.58_104_g279c264_dirty"
| #define PACKAGE_STRING "Lustre 2.12.58_104_g279c264_dirty"
| #define PACKAGE_BUGREPORT "https://jira.whamcloud.com/"
| #define PACKAGE_URL ""
| #define PACKAGE "lustre"
| #define VERSION "2.12.58_104_g279c264_dirty"
| #define STDC_HEADERS 1
| #define HAVE_SYS_TYPES_H 1
| #define HAVE_SYS_STAT_H 1
| #define HAVE_STDLIB_H 1
| #define HAVE_STRING_H 1
| #define HAVE_MEMORY_H 1
| #define HAVE_STRINGS_H 1
| #define HAVE_INTTYPES_H 1
| #define HAVE_STDINT_H 1
| #define HAVE_UNISTD_H 1
| #define HAVE_DLFCN_H 1
| #define LT_OBJDIR ".libs/"
| #define LUSTRE_MAJOR 
| #define LUSTRE_MINOR 
| #define LUSTRE_PATCH 
| #define LUSTRE_FIX 0
| #define LUSTRE_VERSION_STRING "2.12.58_104_g279c264_dirty"
| #define SIZEOF_UNSIGNED_LONG_LONG 8
| #define CDEBUG_ENABLED 1
| #define CDEBUG_ENTRY_EXIT 1
| #define LIBCFS_DEBUG 1
| #define HAVE_SYS_QUOTA_H 1
| #define E2FSPROGS "e2fsprogs"
| #define MKE2FS "mke2fs"
| #define DEBUGFS "debugfs"
| #define TUNE2FS "tune2fs"
| #define E2LABEL "e2label"
| #define DUMPE2FS "dumpe2fs"
| #define E2FSCK "e2fsck"
| #define PFSCK "fsck"
| #define HAVE_NETDB_H 1
| #define HAVE_GETHOSTBYNAME 1
| #define HAVE_LIBREADLINE 1
| #define HAVE_LIBPTHREAD 1
| #define HAVE_NETDB_H 1
| #define HAVE_GETHOSTBYNAME 1
| #define HAVE_STRNLEN 1
| #define HAVE_NETDB_H 1
| #define HAVE_GETHOSTBYNAME 1
| /* end confdefs.h.  */
| 
| /* Override any GCC internal prototype to avoid an error.
|    Use char because int might match the return type of a GCC
|    builtin and then its argument prototype would still apply.  */
| #ifdef __cplusplus
| extern "C"
| #endif
| char is_selinux_enabled ();
| int
| main ()
| {
| return is_selinux_enabled ();
|   ;
|   return 0;
| }
configure:35194: result: no
configure:35226: WARNING:

No selinux package found, unable to build selinux enabled tools

configure:35237: checking whether to report minimum OST free space
configure:35246: result: no
configure:35254: checking whether to randomly failing memory alloc
configure:35263: result: yes
configure:35271: checking whether to check invariants (expensive cpu-wise)
configure:35280: result: no
configure:35288: checking whether to track references with lu_ref
configure:35297: result: no
configure:35305: checking whether to enable page state tracking
configure:35314: result: no
configure:35376: checking for pkg-config
configure:35394: found /usr/local/bin/pkg-config
configure:35406: result: /usr/local/bin/pkg-config
configure:35431: checking pkg-config is at least version 0.9.0
configure:35434: result: yes
configure:35442: checking systemd unit file directory
configure:35467: result: no
configure:35470: checking bash-completion directory
configure:35495: result: ${datarootdir}/bash-completion/completions
configure:35500: checking whether to try to build SNMP support
configure:35509: result: auto
configure:35515: checking for net-snmp-config
configure:35531: found /usr/bin/net-snmp-config
configure:35542: result: net-snmp-config
configure:35560: checking net-snmp/net-snmp-config.h usability
configure:35560: gcc -c -g -O2 -Wall -Werror -I/Users/crb002/github/lustre-release/libcfs/include -I/Users/crb002/github/lustre-release/lnet/include -I/Users/crb002/github/lustre-release/lnet/include/uapi -I/Users/crb002/github/lustre-release/lustre/include -I/Users/crb002/github/lustre-release/lustre/include/uapi  -DNETSNMP_ENABLE_IPV6 -fno-strict-aliasing -g -Os -pipe -DBUILD=161 -DMACOSX_DEPLOYMENT_TARGET=10.14 -F/BuildRoot/Applications/Xcode.app/Contents/Developer/Platforms/MacOSX.platform/Developer/SDKs/MacOSX10.14.Internal.sdk/System/Library/PrivateFrameworks/ -F/BuildRoot/Applications/Xcode.app/Contents/Developer/Platforms/MacOSX.platform/Developer/SDKs/MacOSX10.14.Internal.sdk/System/Library/Frameworks/ -I/usr/local/libressl/include -Udarwin18 -Ddarwin18=darwin18 -I/usr/local/include conftest.c >&5
configure:35560: $? = 0
configure:35560: result: yes
configure:35560: checking net-snmp/net-snmp-config.h presence
configure:35560: gcc -E -I/Users/crb002/github/lustre-release/libcfs/include -I/Users/crb002/github/lustre-release/lnet/include -I/Users/crb002/github/lustre-release/lnet/include/uapi -I/Users/crb002/github/lustre-release/lustre/include -I/Users/crb002/github/lustre-release/lustre/include/uapi  -DNETSNMP_ENABLE_IPV6 -fno-strict-aliasing -g -Os -pipe -DBUILD=161 -DMACOSX_DEPLOYMENT_TARGET=10.14 -F/BuildRoot/Applications/Xcode.app/Contents/Developer/Platforms/MacOSX.platform/Developer/SDKs/MacOSX10.14.Internal.sdk/System/Library/PrivateFrameworks/ -F/BuildRoot/Applications/Xcode.app/Contents/Developer/Platforms/MacOSX.platform/Developer/SDKs/MacOSX10.14.Internal.sdk/System/Library/Frameworks/ -I/usr/local/libressl/include -Udarwin18 -Ddarwin18=darwin18 -I/usr/local/include conftest.c
configure:35560: $? = 0
configure:35560: result: yes
configure:35560: checking for net-snmp/net-snmp-config.h
configure:35560: result: yes
configure:35563: checking for register_mib
configure:35563: gcc -o conftest -g -O2 -Wall -Werror -I/Users/crb002/github/lustre-release/libcfs/include -I/Users/crb002/github/lustre-release/lnet/include -I/Users/crb002/github/lustre-release/lnet/include/uapi -I/Users/crb002/github/lustre-release/lustre/include -I/Users/crb002/github/lustre-release/lustre/include/uapi  -DNETSNMP_ENABLE_IPV6 -fno-strict-aliasing -g -Os -pipe -DBUILD=161 -DMACOSX_DEPLOYMENT_TARGET=10.14 -F/BuildRoot/Applications/Xcode.app/Contents/Developer/Platforms/MacOSX.platform/Developer/SDKs/MacOSX10.14.Internal.sdk/System/Library/PrivateFrameworks/ -F/BuildRoot/Applications/Xcode.app/Contents/Developer/Platforms/MacOSX.platform/Developer/SDKs/MacOSX10.14.Internal.sdk/System/Library/Frameworks/ -I/usr/local/libressl/include -Udarwin18 -Ddarwin18=darwin18 -I/usr/local/include  conftest.c  -lnetsnmpmibs -lnetsnmpagent -lnetsnmp -lcrypto.35 >&5
ld: warning: directory not found for option '-F/BuildRoot/Applications/Xcode.app/Contents/Developer/Platforms/MacOSX.platform/Developer/SDKs/MacOSX10.14.Internal.sdk/System/Library/PrivateFrameworks/'
ld: warning: directory not found for option '-F/BuildRoot/Applications/Xcode.app/Contents/Developer/Platforms/MacOSX.platform/Developer/SDKs/MacOSX10.14.Internal.sdk/System/Library/Frameworks/'
ld: library not found for -lcrypto.35
clang: error: linker command failed with exit code 1 (use -v to see invocation)
configure:35563: $? = 1
configure: failed program was:
| /* confdefs.h */
| #define PACKAGE_NAME "Lustre"
| #define PACKAGE_TARNAME "lustre"
| #define PACKAGE_VERSION "2.12.58_104_g279c264_dirty"
| #define PACKAGE_STRING "Lustre 2.12.58_104_g279c264_dirty"
| #define PACKAGE_BUGREPORT "https://jira.whamcloud.com/"
| #define PACKAGE_URL ""
| #define PACKAGE "lustre"
| #define VERSION "2.12.58_104_g279c264_dirty"
| #define STDC_HEADERS 1
| #define HAVE_SYS_TYPES_H 1
| #define HAVE_SYS_STAT_H 1
| #define HAVE_STDLIB_H 1
| #define HAVE_STRING_H 1
| #define HAVE_MEMORY_H 1
| #define HAVE_STRINGS_H 1
| #define HAVE_INTTYPES_H 1
| #define HAVE_STDINT_H 1
| #define HAVE_UNISTD_H 1
| #define HAVE_DLFCN_H 1
| #define LT_OBJDIR ".libs/"
| #define LUSTRE_MAJOR 
| #define LUSTRE_MINOR 
| #define LUSTRE_PATCH 
| #define LUSTRE_FIX 0
| #define LUSTRE_VERSION_STRING "2.12.58_104_g279c264_dirty"
| #define SIZEOF_UNSIGNED_LONG_LONG 8
| #define CDEBUG_ENABLED 1
| #define CDEBUG_ENTRY_EXIT 1
| #define LIBCFS_DEBUG 1
| #define HAVE_SYS_QUOTA_H 1
| #define E2FSPROGS "e2fsprogs"
| #define MKE2FS "mke2fs"
| #define DEBUGFS "debugfs"
| #define TUNE2FS "tune2fs"
| #define E2LABEL "e2label"
| #define DUMPE2FS "dumpe2fs"
| #define E2FSCK "e2fsck"
| #define PFSCK "fsck"
| #define HAVE_NETDB_H 1
| #define HAVE_GETHOSTBYNAME 1
| #define HAVE_LIBREADLINE 1
| #define HAVE_LIBPTHREAD 1
| #define HAVE_NETDB_H 1
| #define HAVE_GETHOSTBYNAME 1
| #define HAVE_STRNLEN 1
| #define HAVE_NETDB_H 1
| #define HAVE_GETHOSTBYNAME 1
| #define RANDOM_FAIL_ALLOC 1
| /* end confdefs.h.  */
| /* Define register_mib to an innocuous variant, in case <limits.h> declares register_mib.
|    For example, HP-UX 11i <limits.h> declares gettimeofday.  */
| #define register_mib innocuous_register_mib
| 
| /* System header to define __stub macros and hopefully few prototypes,
|     which can conflict with char register_mib (); below.
|     Prefer <limits.h> to <assert.h> if __STDC__ is defined, since
|     <limits.h> exists even on freestanding compilers.  */
| 
| #ifdef __STDC__
| # include <limits.h>
| #else
| # include <assert.h>
| #endif
| 
| #undef register_mib
| 
| /* Override any GCC internal prototype to avoid an error.
|    Use char because int might match the return type of a GCC
|    builtin and then its argument prototype would still apply.  */
| #ifdef __cplusplus
| extern "C"
| #endif
| char register_mib ();
| /* The GNU C library defines this for functions which it implements
|     to always fail with ENOSYS.  Some functions are actually named
|     something starting with __ and the normal name is an alias.  */
| #if defined __stub_register_mib || defined __stub___register_mib
| choke me
| #endif
| 
| int
| main ()
| {
| return register_mib ();
|   ;
|   return 0;
| }
configure:35563: result: no
configure:35572: checking for register_mib
configure:35572: gcc -o conftest -g -O2 -Wall -Werror -I/Users/crb002/github/lustre-release/libcfs/include -I/Users/crb002/github/lustre-release/lnet/include -I/Users/crb002/github/lustre-release/lnet/include/uapi -I/Users/crb002/github/lustre-release/lustre/include -I/Users/crb002/github/lustre-release/lustre/include/uapi  -DNETSNMP_ENABLE_IPV6 -fno-strict-aliasing -g -Os -pipe -DBUILD=161 -DMACOSX_DEPLOYMENT_TARGET=10.14 -F/BuildRoot/Applications/Xcode.app/Contents/Developer/Platforms/MacOSX.platform/Developer/SDKs/MacOSX10.14.Internal.sdk/System/Library/PrivateFrameworks/ -F/BuildRoot/Applications/Xcode.app/Contents/Developer/Platforms/MacOSX.platform/Developer/SDKs/MacOSX10.14.Internal.sdk/System/Library/Frameworks/ -I/usr/local/libressl/include -Udarwin18 -Ddarwin18=darwin18 -I/usr/local/include  conftest.c  -lnetsnmpmibs -lnetsnmpagent -lnetsnmp -lcrypto.35 -lwrap >&5
ld: warning: directory not found for option '-F/BuildRoot/Applications/Xcode.app/Contents/Developer/Platforms/MacOSX.platform/Developer/SDKs/MacOSX10.14.Internal.sdk/System/Library/PrivateFrameworks/'
ld: warning: directory not found for option '-F/BuildRoot/Applications/Xcode.app/Contents/Developer/Platforms/MacOSX.platform/Developer/SDKs/MacOSX10.14.Internal.sdk/System/Library/Frameworks/'
ld: library not found for -lcrypto.35
clang: error: linker command failed with exit code 1 (use -v to see invocation)
configure:35572: $? = 1
configure: failed program was:
| /* confdefs.h */
| #define PACKAGE_NAME "Lustre"
| #define PACKAGE_TARNAME "lustre"
| #define PACKAGE_VERSION "2.12.58_104_g279c264_dirty"
| #define PACKAGE_STRING "Lustre 2.12.58_104_g279c264_dirty"
| #define PACKAGE_BUGREPORT "https://jira.whamcloud.com/"
| #define PACKAGE_URL ""
| #define PACKAGE "lustre"
| #define VERSION "2.12.58_104_g279c264_dirty"
| #define STDC_HEADERS 1
| #define HAVE_SYS_TYPES_H 1
| #define HAVE_SYS_STAT_H 1
| #define HAVE_STDLIB_H 1
| #define HAVE_STRING_H 1
| #define HAVE_MEMORY_H 1
| #define HAVE_STRINGS_H 1
| #define HAVE_INTTYPES_H 1
| #define HAVE_STDINT_H 1
| #define HAVE_UNISTD_H 1
| #define HAVE_DLFCN_H 1
| #define LT_OBJDIR ".libs/"
| #define LUSTRE_MAJOR 
| #define LUSTRE_MINOR 
| #define LUSTRE_PATCH 
| #define LUSTRE_FIX 0
| #define LUSTRE_VERSION_STRING "2.12.58_104_g279c264_dirty"
| #define SIZEOF_UNSIGNED_LONG_LONG 8
| #define CDEBUG_ENABLED 1
| #define CDEBUG_ENTRY_EXIT 1
| #define LIBCFS_DEBUG 1
| #define HAVE_SYS_QUOTA_H 1
| #define E2FSPROGS "e2fsprogs"
| #define MKE2FS "mke2fs"
| #define DEBUGFS "debugfs"
| #define TUNE2FS "tune2fs"
| #define E2LABEL "e2label"
| #define DUMPE2FS "dumpe2fs"
| #define E2FSCK "e2fsck"
| #define PFSCK "fsck"
| #define HAVE_NETDB_H 1
| #define HAVE_GETHOSTBYNAME 1
| #define HAVE_LIBREADLINE 1
| #define HAVE_LIBPTHREAD 1
| #define HAVE_NETDB_H 1
| #define HAVE_GETHOSTBYNAME 1
| #define HAVE_STRNLEN 1
| #define HAVE_NETDB_H 1
| #define HAVE_GETHOSTBYNAME 1
| #define RANDOM_FAIL_ALLOC 1
| /* end confdefs.h.  */
| /* Define register_mib to an innocuous variant, in case <limits.h> declares register_mib.
|    For example, HP-UX 11i <limits.h> declares gettimeofday.  */
| #define register_mib innocuous_register_mib
| 
| /* System header to define __stub macros and hopefully few prototypes,
|     which can conflict with char register_mib (); below.
|     Prefer <limits.h> to <assert.h> if __STDC__ is defined, since
|     <limits.h> exists even on freestanding compilers.  */
| 
| #ifdef __STDC__
| # include <limits.h>
| #else
| # include <assert.h>
| #endif
| 
| #undef register_mib
| 
| /* Override any GCC internal prototype to avoid an error.
|    Use char because int might match the return type of a GCC
|    builtin and then its argument prototype would still apply.  */
| #ifdef __cplusplus
| extern "C"
| #endif
| char register_mib ();
| /* The GNU C library defines this for functions which it implements
|     to always fail with ENOSYS.  Some functions are actually named
|     something starting with __ and the normal name is an alias.  */
| #if defined __stub_register_mib || defined __stub___register_mib
| choke me
| #endif
| 
| int
| main ()
| {
| return register_mib ();
|   ;
|   return 0;
| }
configure:35572: result: no
configure:35588: checking for SNMP support
configure:35594: result: no (see config.log for errors)
configure:36116: checking that generated files are newer than configure
configure:36122: result: done
configure:36297: creating ./config.status

## ---------------------- ##
## Running config.status. ##
## ---------------------- ##

This file was extended by Lustre config.status 2.12.58_104_g279c264_dirty, which was
generated by GNU Autoconf 2.69.  Invocation command line was

  CONFIG_FILES    = 
  CONFIG_HEADERS  = 
  CONFIG_LINKS    = 
  CONFIG_COMMANDS = 
  $ ./config.status 

on crb002s-MacBook-Pro.local

config.status:1416: creating libcfs/Makefile
config.status:1416: creating libcfs/autoMakefile
config.status:1416: creating libcfs/autoconf/Makefile
config.status:1416: creating libcfs/include/Makefile
config.status:1416: creating libcfs/include/libcfs/Makefile
config.status:1416: creating libcfs/include/libcfs/linux/Makefile
config.status:1416: creating libcfs/include/libcfs/util/Makefile
config.status:1416: creating libcfs/libcfs/Makefile
config.status:1416: creating libcfs/libcfs/autoMakefile
config.status:1416: creating libcfs/libcfs/linux/Makefile
config.status:1416: creating libcfs/libcfs/util/Makefile
config.status:1416: creating Makefile
config.status:1416: creating autoMakefile
config.status:1416: creating config/Makefile
config.status:1416: creating Rules
config.status:1416: creating lustre.spec
config.status:1416: creating lustre-dkms.spec
config.status:1416: creating ldiskfs/Makefile
config.status:1416: creating ldiskfs/autoMakefile
config.status:1416: creating lustre-iokit/Makefile
config.status:1416: creating lustre-iokit/obdfilter-survey/Makefile
config.status:1416: creating lustre-iokit/ost-survey/Makefile
config.status:1416: creating lustre-iokit/sgpdd-survey/Makefile
config.status:1416: creating lustre-iokit/mds-survey/Makefile
config.status:1416: creating lustre-iokit/ior-survey/Makefile
config.status:1416: creating lustre-iokit/stats-collect/Makefile
config.status:1416: creating lnet/Makefile
config.status:1416: creating lnet/autoMakefile
config.status:1416: creating lnet/autoconf/Makefile
config.status:1416: creating lnet/doc/Makefile
config.status:1416: creating lnet/include/Makefile
config.status:1416: creating lnet/include/lnet/Makefile
config.status:1416: creating lnet/include/uapi/linux/lnet/Makefile
config.status:1416: creating lnet/klnds/Makefile
config.status:1416: creating lnet/klnds/autoMakefile
config.status:1416: creating lnet/klnds/o2iblnd/Makefile
config.status:1416: creating lnet/klnds/o2iblnd/autoMakefile
config.status:1416: creating lnet/klnds/gnilnd/Makefile
config.status:1416: creating lnet/klnds/gnilnd/autoMakefile
config.status:1416: creating lnet/klnds/socklnd/Makefile
config.status:1416: creating lnet/klnds/socklnd/autoMakefile
config.status:1416: creating lnet/lnet/Makefile
config.status:1416: creating lnet/lnet/autoMakefile
config.status:1416: creating lnet/selftest/Makefile
config.status:1416: creating lnet/selftest/autoMakefile
config.status:1416: creating lnet/utils/Makefile
config.status:1416: creating lnet/utils/lnetconfig/Makefile
config.status:1416: creating lustre/Makefile
config.status:1416: creating lustre/autoMakefile
config.status:1416: creating lustre/autoconf/Makefile
config.status:1416: creating lustre/conf/Makefile
config.status:1416: creating lustre/conf/resource/Makefile
config.status:1416: creating lustre/contrib/Makefile
config.status:1416: creating lustre/doc/Makefile
config.status:1416: creating lustre/include/Makefile
config.status:1416: creating lustre/include/lustre/Makefile
config.status:1416: creating lustre/include/uapi/linux/lustre/Makefile
config.status:1416: creating lustre/kernel_patches/targets/4.18-rhel8.target
config.status:1416: creating lustre/kernel_patches/targets/3.10-rhel7.7.target
config.status:1416: creating lustre/kernel_patches/targets/3.10-rhel7.6.target
config.status:1416: creating lustre/kernel_patches/targets/3.10-rhel7.5.target
config.status:1416: creating lustre/kernel_patches/targets/4.14-rhel7.5.target
config.status:1416: creating lustre/kernel_patches/targets/4.14-rhel7.6.target
config.status:1416: creating lustre/kernel_patches/targets/3.0-sles11.target
config.status:1416: creating lustre/kernel_patches/targets/3.0-sles11sp3.target
config.status:1416: creating lustre/kernel_patches/targets/3.0-sles11sp4.target
config.status:1416: creating lustre/kernel_patches/targets/3.12-sles12.target
config.status:1416: creating lustre/kernel_patches/targets/4.4-sles12.target
config.status:1416: creating lustre/kernel_patches/targets/4.4-sles12sp3.target
config.status:1416: creating lustre/kernel_patches/targets/4.12-sles12sp4.target
config.status:1416: creating lustre/kernel_patches/targets/3.x-fc18.target
config.status:1416: creating lustre/ldlm/Makefile
config.status:1416: creating lustre/fid/Makefile
config.status:1416: creating lustre/fid/autoMakefile
config.status:1416: creating lustre/llite/Makefile
config.status:1416: creating lustre/llite/autoMakefile
config.status:1416: creating lustre/lov/Makefile
config.status:1416: creating lustre/lov/autoMakefile
config.status:1416: creating lustre/mdc/Makefile
config.status:1416: creating lustre/mdc/autoMakefile
config.status:1416: creating lustre/lmv/Makefile
config.status:1416: creating lustre/lmv/autoMakefile
config.status:1416: creating lustre/lfsck/Makefile
config.status:1416: creating lustre/lfsck/autoMakefile
config.status:1416: creating lustre/mdt/Makefile
config.status:1416: creating lustre/mdt/autoMakefile
config.status:1416: creating lustre/mdd/Makefile
config.status:1416: creating lustre/mdd/autoMakefile
config.status:1416: creating lustre/fld/Makefile
config.status:1416: creating lustre/fld/autoMakefile
config.status:1416: creating lustre/obdclass/Makefile
config.status:1416: creating lustre/obdclass/autoMakefile
config.status:1416: creating lustre/obdecho/Makefile
config.status:1416: creating lustre/obdecho/autoMakefile
config.status:1416: creating lustre/ofd/Makefile
config.status:1416: creating lustre/ofd/autoMakefile
config.status:1416: creating lustre/osc/Makefile
config.status:1416: creating lustre/osc/autoMakefile
config.status:1416: creating lustre/ost/Makefile
config.status:1416: creating lustre/ost/autoMakefile
config.status:1416: creating lustre/osd-ldiskfs/Makefile
config.status:1416: creating lustre/osd-ldiskfs/autoMakefile
config.status:1416: creating lustre/osd-zfs/Makefile
config.status:1416: creating lustre/osd-zfs/autoMakefile
config.status:1416: creating lustre/mgc/Makefile
config.status:1416: creating lustre/mgc/autoMakefile
config.status:1416: creating lustre/mgs/Makefile
config.status:1416: creating lustre/mgs/autoMakefile
config.status:1416: creating lustre/target/Makefile
config.status:1416: creating lustre/ptlrpc/Makefile
config.status:1416: creating lustre/ptlrpc/autoMakefile
config.status:1416: creating lustre/ptlrpc/gss/Makefile
config.status:1416: creating lustre/ptlrpc/gss/autoMakefile
config.status:1416: creating lustre/quota/Makefile
config.status:1416: creating lustre/quota/autoMakefile
config.status:1416: creating lustre/scripts/Makefile
config.status:1416: creating lustre/scripts/systemd/Makefile
config.status:1416: creating lustre/tests/Makefile
config.status:1416: creating lustre/tests/mpi/Makefile
config.status:1416: creating lustre/tests/kernel/Makefile
config.status:1416: creating lustre/tests/kernel/autoMakefile
config.status:1416: creating lustre/utils/Makefile
config.status:1416: creating lustre/utils/gss/Makefile
config.status:1416: creating lustre/osp/Makefile
config.status:1416: creating lustre/osp/autoMakefile
config.status:1416: creating lustre/lod/Makefile
config.status:1416: creating lustre/lod/autoMakefile
config.status:1416: creating snmp/Makefile
config.status:1416: creating snmp/autoconf/Makefile
config.status:1416: creating config.h
config.status:1645: executing depfiles commands
config.status:1645: executing libtool commands

## ---------------- ##
## Cache variables. ##
## ---------------- ##

ac_cv_build=x86_64-apple-darwin18.7.0
ac_cv_c_compiler_gnu=yes
ac_cv_env_CCASFLAGS_set=
ac_cv_env_CCASFLAGS_value=
ac_cv_env_CCAS_set=
ac_cv_env_CCAS_value=
ac_cv_env_CC_set=
ac_cv_env_CC_value=
ac_cv_env_CFLAGS_set=
ac_cv_env_CFLAGS_value=
ac_cv_env_CPPFLAGS_set=
ac_cv_env_CPPFLAGS_value=
ac_cv_env_CPP_set=
ac_cv_env_CPP_value=
ac_cv_env_LDFLAGS_set=
ac_cv_env_LDFLAGS_value=
ac_cv_env_LIBS_set=
ac_cv_env_LIBS_value=
ac_cv_env_LT_SYS_LIBRARY_PATH_set=
ac_cv_env_LT_SYS_LIBRARY_PATH_value=
ac_cv_env_PKG_CONFIG_LIBDIR_set=
ac_cv_env_PKG_CONFIG_LIBDIR_value=
ac_cv_env_PKG_CONFIG_PATH_set=
ac_cv_env_PKG_CONFIG_PATH_value=
ac_cv_env_PKG_CONFIG_set=
ac_cv_env_PKG_CONFIG_value=
ac_cv_env_build_alias_set=
ac_cv_env_build_alias_value=
ac_cv_env_host_alias_set=
ac_cv_env_host_alias_value=
ac_cv_env_target_alias_set=
ac_cv_env_target_alias_value=
ac_cv_func_gethostbyname=yes
ac_cv_func_register_mib=no
ac_cv_func_strnlen=yes
ac_cv_header_asm_types_h=no
ac_cv_header_dlfcn_h=yes
ac_cv_header_endian_h=no
ac_cv_header_ext2fs_ext2fs_h=no
ac_cv_header_inttypes_h=yes
ac_cv_header_libmount_libmount_h=no
ac_cv_header_memory_h=yes
ac_cv_header_net_snmp_net_snmp_config_h=yes
ac_cv_header_netdb_h=yes
ac_cv_header_stdc=yes
ac_cv_header_stdint_h=yes
ac_cv_header_stdlib_h=yes
ac_cv_header_string_h=yes
ac_cv_header_strings_h=yes
ac_cv_header_sys_quota_h=yes
ac_cv_header_sys_stat_h=yes
ac_cv_header_sys_types_h=yes
ac_cv_header_unistd_h=yes
ac_cv_header_zlib_h=yes
ac_cv_host=x86_64-apple-darwin18.7.0
ac_cv_lib_pthread_pthread_create=yes
ac_cv_lib_readline_readline=yes
ac_cv_lib_selinux_is_selinux_enabled=no
ac_cv_lib_yaml_yaml_parser_initialize=yes
ac_cv_lib_z_crc32=yes
ac_cv_objext=o
ac_cv_path_EGREP='/usr/bin/grep -E'
ac_cv_path_FGREP='/usr/bin/grep -F'
ac_cv_path_GREP=/usr/bin/grep
ac_cv_path_SED=/usr/bin/sed
ac_cv_path_ac_pt_PKG_CONFIG=/usr/local/bin/pkg-config
ac_cv_path_install='/usr/local/bin/ginstall -c'
ac_cv_path_lt_DD=/bin/dd
ac_cv_path_mkdir=/usr/local/bin/gmkdir
ac_cv_prog_AWK=awk
ac_cv_prog_CPP='gcc -E'
ac_cv_prog_NET_SNMP_CONFIG=net-snmp-config
ac_cv_prog_ac_ct_AR=ar
ac_cv_prog_ac_ct_CC=gcc
ac_cv_prog_ac_ct_DSYMUTIL=dsymutil
ac_cv_prog_ac_ct_LD=/Applications/Xcode.app/Contents/Developer/Toolchains/XcodeDefault.xctoolchain/usr/bin/ld
ac_cv_prog_ac_ct_LIPO=lipo
ac_cv_prog_ac_ct_NMEDIT=nmedit
ac_cv_prog_ac_ct_OBJDUMP=objdump
ac_cv_prog_ac_ct_OTOOL=otool
ac_cv_prog_ac_ct_RANLIB=ranlib
ac_cv_prog_ac_ct_STRIP=strip
ac_cv_prog_cc_c89=
ac_cv_prog_cc_g=yes
ac_cv_prog_make_make_set=yes
ac_cv_sizeof_unsigned_long_long=8
ac_cv_target=x86_64-apple-darwin18.7.0
am_cv_CCAS_dependencies_compiler_type=gcc3
am_cv_CC_dependencies_compiler_type=gcc3
am_cv_make_support_nested_variables=yes
am_cv_prog_cc_c_o=yes
am_cv_prog_tar_ustar=gnutar
lb_cv_file___snmp_lustre_snmp_c=yes
lb_cv_mpi_tests=yes
lb_cv_uses_dpkg=no
lt_cv_apple_cc_single_mod=yes
lt_cv_ar_at_file=no
lt_cv_deplibs_check_method=pass_all
lt_cv_file_magic_cmd='$MAGIC_CMD'
lt_cv_file_magic_test_file=
lt_cv_ld_exported_symbols_list=yes
lt_cv_ld_force_load=yes
lt_cv_ld_reload_flag=-r
lt_cv_nm_interface='BSD nm'
lt_cv_objdir=.libs
lt_cv_path_LD=/Applications/Xcode.app/Contents/Developer/Toolchains/XcodeDefault.xctoolchain/usr/bin/ld
lt_cv_path_NM='/usr/bin/nm -B'
lt_cv_path_mainfest_tool=no
lt_cv_prog_compiler_c_o=yes
lt_cv_prog_compiler_pic='-fno-common -DPIC'
lt_cv_prog_compiler_pic_works=yes
lt_cv_prog_compiler_rtti_exceptions=yes
lt_cv_prog_compiler_static_works=no
lt_cv_prog_gnu_ld=no
lt_cv_sharedlib_from_linklib_cmd='printf %s\n'
lt_cv_sys_global_symbol_pipe='sed -n -e '\''s/^.*[	 ]\([BCDEGRST][BCDEGRST]*\)[	 ][	 ]*_\([_A-Za-z][_A-Za-z0-9]*\)$/\1 _\2 \2/p'\'' | sed '\''/ __gnu_lto/d'\'''
lt_cv_sys_global_symbol_to_c_name_address='sed -n -e '\''s/^: \(.*\) .*$/  {"\1", (void *) 0},/p'\'' -e '\''s/^[BCDEGRST][BCDEGRST]* .* \(.*\)$/  {"\1", (void *) \&\1},/p'\'''
lt_cv_sys_global_symbol_to_c_name_address_lib_prefix='sed -n -e '\''s/^: \(.*\) .*$/  {"\1", (void *) 0},/p'\'' -e '\''s/^[BCDEGRST][BCDEGRST]* .* \(lib.*\)$/  {"\1", (void *) \&\1},/p'\'' -e '\''s/^[BCDEGRST][BCDEGRST]* .* \(.*\)$/  {"lib\1", (void *) \&\1},/p'\'''
lt_cv_sys_global_symbol_to_cdecl='sed -n -e '\''s/^T .* \(.*\)$/extern int \1();/p'\'' -e '\''s/^[BCDEGRST][BCDEGRST]* .* \(.*\)$/extern char \1;/p'\'''
lt_cv_sys_global_symbol_to_import=
lt_cv_sys_max_cmd_len=196608
lt_cv_to_host_file_cmd=func_convert_file_noop
lt_cv_to_tool_file_cmd=func_convert_file_noop
lt_cv_truncate_bin='/bin/dd bs=4096 count=1'

## ----------------- ##
## Output variables. ##
## ----------------- ##

ACLOCAL='${SHELL} /Users/crb002/github/lustre-release/config/missing aclocal-1.15'
AMDEPBACKSLASH='\'
AMDEP_FALSE='#'
AMDEP_TRUE=''
AMTAR='$${TAR-tar}'
AM_BACKSLASH='\'
AM_DEFAULT_V='$(AM_DEFAULT_VERBOSITY)'
AM_DEFAULT_VERBOSITY='1'
AM_V='$(V)'
AR='ar'
AUTOCONF='${SHELL} /Users/crb002/github/lustre-release/config/missing autoconf'
AUTOCONF_HDIR=''
AUTOHEADER='${SHELL} /Users/crb002/github/lustre-release/config/missing autoheader'
AUTOMAKE='${SHELL} /Users/crb002/github/lustre-release/config/missing automake-1.15'
AWK='awk'
BASH_COMPLETION_DIR='${datarootdir}/bash-completion/completions'
BUILD_GNILND_FALSE=''
BUILD_GNILND_TRUE='#'
BUILD_LUSTREIOKIT_FALSE='#'
BUILD_LUSTREIOKIT_TRUE=''
BUILD_O2IBLND_FALSE=''
BUILD_O2IBLND_TRUE='#'
CC='gcc'
CCAS='gcc'
CCASDEPMODE='depmode=gcc3'
CCASFLAGS='-Wall -fPIC -D_GNU_SOURCE'
CCDEPMODE='depmode=gcc3'
CFLAGS='-g -O2 -Wall -Werror'
CLIENT_FALSE='#'
CLIENT_TRUE=''
CONFIG_INCLUDE=''
CPP='gcc -E'
CPPFLAGS='-include /Users/crb002/github/lustre-release/undef.h -include /Users/crb002/github/lustre-release/config.h -I/Users/crb002/github/lustre-release/libcfs/include -I/Users/crb002/github/lustre-release/lnet/include -I/Users/crb002/github/lustre-release/lnet/include/uapi -I/Users/crb002/github/lustre-release/lustre/include -I/Users/crb002/github/lustre-release/lustre/include/uapi '
CYGPATH_W='echo'
DEBUGFS='debugfs'
DEFS='-DHAVE_CONFIG_H'
DEPDIR='.deps'
DLLTOOL='false'
DOC_FALSE=''
DOC_TRUE='#'
DSYMUTIL='dsymutil'
DUMPBIN=''
DUMPE2FS='dumpe2fs'
E2FSCK='e2fsck'
E2FSPROGS='e2fsprogs'
E2LABEL='e2label'
ECHO_C='\c'
ECHO_N=''
ECHO_T=''
EGREP='/usr/bin/grep -E'
ENABLEO2IB=''
ENABLE_BASH_COMPLETION_FALSE='#'
ENABLE_BASH_COMPLETION_TRUE=''
ENABLE_DOC='0'
ENABLE_GSS=''
ENABLE_LDISKFS='no'
ENABLE_SERVER='no'
ENABLE_ZFS='no'
EXEEXT=''
EXT2FS_DEVEL_FALSE=''
EXT2FS_DEVEL_TRUE='#'
EXT4_SRC_DIR=''
EXTRA_KCFLAGS='-include /Users/crb002/github/lustre-release/undef.h -include /Users/crb002/github/lustre-release/config.h  -g -I/Users/crb002/github/lustre-release/libcfs/include -I/Users/crb002/github/lustre-release/lnet/include -I/Users/crb002/github/lustre-release/lustre/include -Wno-format-truncation -Wno-stringop-truncation -Wno-stringop-overflow'
EXTRA_OFED_CONFIG=''
EXTRA_OFED_INCLUDE=''
EXTRA_SYMBOLS=''
FGREP='/usr/bin/grep -F'
GETSEPOL_FALSE=''
GETSEPOL_TRUE='#'
GNICPPFLAGS=''
GNILND=''
GREP='/usr/bin/grep'
GSS_FALSE=''
GSS_KEYRING_FALSE=''
GSS_KEYRING_TRUE='#'
GSS_PIPEFS_FALSE=''
GSS_PIPEFS_TRUE='#'
GSS_SSK_FALSE=''
GSS_SSK_TRUE='#'
GSS_TRUE='#'
HAVE_CRC32_FALSE=''
HAVE_CRC32_TRUE='#'
HAVE_PCLMULQDQ_FALSE='#'
HAVE_PCLMULQDQ_TRUE=''
HAVE_SYSTEMD_FALSE=''
HAVE_SYSTEMD_TRUE='#'
INCLUDE_RULES='include /Users/crb002/github/lustre-release/Rules'
INSTALL_DATA='${INSTALL} -m 644'
INSTALL_PROGRAM='${INSTALL}'
INSTALL_SCRIPT='${INSTALL}'
INSTALL_STRIP_PROGRAM='$(install_sh) -c -s'
K5VERS=''
KMODEXT=''
KMP_MODDIR=''
KRBCFLAGS=''
KRBDIR=''
KRBLDFLAGS=''
KRBLIBS=''
LD='/Applications/Xcode.app/Contents/Developer/Toolchains/XcodeDefault.xctoolchain/usr/bin/ld'
LDFLAGS=''
LDISKFS_ENABLED_FALSE=''
LDISKFS_ENABLED_TRUE='#'
LDISKFS_SERIES=''
LDISKFS_SUBDIR=''
LDLIBMOUNT=''
LIBCFS_INCLUDE_DIR='libcfs/include'
LIBCFS_SUBDIR='libcfs'
LIBEFENCE=''
LIBOBJS=''
LIBPTHREAD_FALSE='#'
LIBPTHREAD_TRUE=''
LIBREADLINE='-lreadline'
LIBS=''
LIBTOOL='$(SHELL) $(top_builddir)/libtool'
LINUX=''
LINUXRELEASE=''
LINUX_CONFIG=''
LINUX_FALSE=''
LINUX_OBJ=''
LINUX_TRUE='#'
LIPO='lipo'
LN_S='ln -s'
LTLIBOBJS=''
LT_SYS_LIBRARY_PATH=''
LUSTRE='/Users/crb002/github/lustre-release/lustre'
LUSTREIOKIT_SUBDIR='lustre-iokit'
MAINT=''
MAINTAINER_MODE_FALSE='#'
MAINTAINER_MODE_TRUE=''
MAKEINFO='${SHELL} /Users/crb002/github/lustre-release/config/missing makeinfo'
MANIFEST_TOOL=':'
MANPAGES_FALSE='#'
MANPAGES_TRUE=''
MKDIR_P='/usr/local/bin/gmkdir -p'
MKE2FS='mke2fs'
MODULES_FALSE=''
MODULES_TRUE='#'
MODULE_TARGET=''
MOSTLYCLEANFILES='.*.cmd .*.flags *.o *.ko *.mod.c .depend .*.1.* Modules.symvers Module.symvers'
MPICC_WRAPPER='mpicc'
MPITESTS_FALSE='#'
MPITESTS_TRUE=''
MPI_BIN='/usr/local/bin'
NEED_PCLMULQDQ_CRC32C_FALSE=''
NEED_PCLMULQDQ_CRC32C_TRUE='#'
NEED_PCLMULQDQ_CRC32_FALSE=''
NEED_PCLMULQDQ_CRC32_TRUE='#'
NET_SNMP_CFLAGS='-DNETSNMP_ENABLE_IPV6 -fno-strict-aliasing -g -Os -pipe -DBUILD=161 -DMACOSX_DEPLOYMENT_TARGET=10.14 -F/BuildRoot/Applications/Xcode.app/Contents/Developer/Platforms/MacOSX.platform/Developer/SDKs/MacOSX10.14.Internal.sdk/System/Library/PrivateFrameworks/ -F/BuildRoot/Applications/Xcode.app/Contents/Developer/Platforms/MacOSX.platform/Developer/SDKs/MacOSX10.14.Internal.sdk/System/Library/Frameworks/ -I/usr/local/libressl/include -Udarwin18 -Ddarwin18=darwin18 -I/usr/local/include'
NET_SNMP_CONFIG='net-snmp-config'
NET_SNMP_LIBS='-lnetsnmpmibs -lnetsnmpagent -lnetsnmp -lcrypto.35'
NM='/usr/bin/nm -B'
NMEDIT='nmedit'
O2IBLND=''
O2IBPATH=''
OBJDUMP='objdump'
OBJEXT='o'
OSDADDON=''
OTOOL64=':'
OTOOL='otool'
PACKAGE='lustre'
PACKAGE_BUGREPORT='https://jira.whamcloud.com/'
PACKAGE_NAME='Lustre'
PACKAGE_STRING='Lustre 2.12.58_104_g279c264_dirty'
PACKAGE_TARNAME='lustre'
PACKAGE_URL=''
PACKAGE_VERSION='2.12.58_104_g279c264_dirty'
PATCHED_INTEGRITY_INTF=''
PATH_SEPARATOR=':'
PFSCK='fsck'
PKG_CONFIG='/usr/local/bin/pkg-config'
PKG_CONFIG_LIBDIR=''
PKG_CONFIG_PATH=''
PLUGINS_FALSE='#'
PLUGINS_TRUE=''
PTHREAD_LIBS='-lpthread'
RANLIB='ranlib'
RHEL_FALSE=''
RHEL_TRUE='#'
RPMBUILD=''
RPMBUILD_BINARY_ARGS=' --without lustre_modules --without servers --without ldiskfs --without snmp'
SED='/usr/bin/sed'
SELINUX=''
SELINUX_FALSE=''
SELINUX_TRUE='#'
SERVER_FALSE=''
SERVER_TRUE='#'
SET_MAKE=''
SHELL='/bin/sh'
SNMP_DIST_SUBDIR='snmp'
SNMP_SUBDIR=''
SPL=''
SPLIT_FALSE=''
SPLIT_TRUE='#'
SPL_ENABLED_FALSE=''
SPL_ENABLED_TRUE='#'
SPL_OBJ=''
SPL_VERSION=''
STRIP='strip'
SUSE_FALSE=''
SUSE_TRUE='#'
SYMVERFILE=''
TESTS_FALSE='#'
TESTS_TRUE=''
TUNE2FS='tune2fs'
UBUNTU_FALSE=''
UBUNTU_TRUE='#'
USE_QUILT_FALSE=''
USE_QUILT_TRUE='#'
UTILS_FALSE='#'
UTILS_TRUE=''
VERSION='2.12.58_104_g279c264_dirty'
VERSION_HDIR=''
XATTR_HANDLER_FALSE=''
XATTR_HANDLER_TRUE='#'
ZFS=''
ZFS_ENABLED_FALSE=''
ZFS_ENABLED_TRUE='#'
ZFS_LIBZFS_INCLUDE=''
ZFS_LIBZFS_LDFLAGS=''
ZFS_LIBZFS_LIBS=''
ZFS_OBJ=''
ZFS_VERSION=''
ac_configure_args=''
ac_ct_AR='ar'
ac_ct_CC='gcc'
ac_ct_DUMPBIN=''
agentdir='${pkglibdir}/snmp'
am__EXEEXT_FALSE=''
am__EXEEXT_TRUE='#'
am__fastdepCCAS_FALSE='#'
am__fastdepCCAS_TRUE=''
am__fastdepCC_FALSE='#'
am__fastdepCC_TRUE=''
am__include='include'
am__isrc=''
am__leading_dot='.'
am__nodep='_no'
am__quote=''
am__tar='tar --format=ustar -chf - "$$tardir"'
am__untar='tar -xf -'
bindir='${exec_prefix}/bin'
build='x86_64-apple-darwin18.7.0'
build_alias=''
build_cpu='x86_64'
build_os='darwin18.7.0'
build_vendor='apple'
datadir='${datarootdir}'
datarootdir='${prefix}/share'
demodir='$(docdir)/demo'
docdir='${datadir}/doc/$(PACKAGE)'
dvidir='${docdir}'
exec_prefix='${prefix}'
host='x86_64-apple-darwin18.7.0'
host_alias=''
host_cpu='x86_64'
host_os='darwin18.7.0'
host_vendor='apple'
htmldir='${docdir}'
includedir='${prefix}/include'
infodir='${datarootdir}/info'
install_sh='${SHELL} /Users/crb002/github/lustre-release/config/install-sh'
lb_target_os=''
libdir='${exec_prefix}/lib'
libexecdir='${exec_prefix}/libexec'
localedir='${datarootdir}/locale'
localstatedir='${prefix}/var'
mandir='${datarootdir}/man'
mibdir='${pkgdatadir}/snmp/mibs'
mkdir_p='$(MKDIR_P)'
modulefsdir=''
modulenetdir=''
oldincludedir='/usr/include'
patch_avail=''
pdfdir='${docdir}'
pkgexampledir='${pkgdatadir}/examples'
prefix='/usr'
program_transform_name='s,x,x,'
psdir='${docdir}'
quilt_avail=''
rootsbindir='/sbin'
sbindir='${exec_prefix}/sbin'
sharedstatedir='${prefix}/com'
sysconfdir='/etc'
systemdsystemunitdir=''
target='x86_64-apple-darwin18.7.0'
target_alias=''
target_cpu='x86_64'
target_os='darwin18.7.0'
target_vendor='apple'

## ----------- ##
## confdefs.h. ##
## ----------- ##

/* confdefs.h */
#define PACKAGE_NAME "Lustre"
#define PACKAGE_TARNAME "lustre"
#define PACKAGE_VERSION "2.12.58_104_g279c264_dirty"
#define PACKAGE_STRING "Lustre 2.12.58_104_g279c264_dirty"
#define PACKAGE_BUGREPORT "https://jira.whamcloud.com/"
#define PACKAGE_URL ""
#define PACKAGE "lustre"
#define VERSION "2.12.58_104_g279c264_dirty"
#define STDC_HEADERS 1
#define HAVE_SYS_TYPES_H 1
#define HAVE_SYS_STAT_H 1
#define HAVE_STDLIB_H 1
#define HAVE_STRING_H 1
#define HAVE_MEMORY_H 1
#define HAVE_STRINGS_H 1
#define HAVE_INTTYPES_H 1
#define HAVE_STDINT_H 1
#define HAVE_UNISTD_H 1
#define HAVE_DLFCN_H 1
#define LT_OBJDIR ".libs/"
#define LUSTRE_MAJOR 
#define LUSTRE_MINOR 
#define LUSTRE_PATCH 
#define LUSTRE_FIX 0
#define LUSTRE_VERSION_STRING "2.12.58_104_g279c264_dirty"
#define SIZEOF_UNSIGNED_LONG_LONG 8
#define CDEBUG_ENABLED 1
#define CDEBUG_ENTRY_EXIT 1
#define LIBCFS_DEBUG 1
#define HAVE_SYS_QUOTA_H 1
#define E2FSPROGS "e2fsprogs"
#define MKE2FS "mke2fs"
#define DEBUGFS "debugfs"
#define TUNE2FS "tune2fs"
#define E2LABEL "e2label"
#define DUMPE2FS "dumpe2fs"
#define E2FSCK "e2fsck"
#define PFSCK "fsck"
#define HAVE_NETDB_H 1
#define HAVE_GETHOSTBYNAME 1
#define HAVE_LIBREADLINE 1
#define HAVE_LIBPTHREAD 1
#define HAVE_NETDB_H 1
#define HAVE_GETHOSTBYNAME 1
#define HAVE_STRNLEN 1
#define HAVE_NETDB_H 1
#define HAVE_GETHOSTBYNAME 1
#define RANDOM_FAIL_ALLOC 1
#define HAVE_PCLMULQDQ 1

configure: exit 0
